[17:28:53:124] [INFO] - org.springframework.boot.StartupInfoLogger.logStarting(StartupInfoLogger.java:55) - Starting FhDemoApplication using Java 17.0.3.1 on zhanglei with PID 27548 (D:\IdeaProject\fh-demo\target\classes started by EDY in D:\IdeaProject\fh-demo)
[17:28:53:157] [INFO] - org.springframework.boot.SpringApplication.logStartupProfileInfo(SpringApplication.java:634) - No active profile set, falling back to 1 default profile: "default"
[17:28:54:961] [INFO] - org.springframework.data.repository.config.RepositoryConfigurationDelegate.multipleStoresDetected(RepositoryConfigurationDelegate.java:262) - Multiple Spring Data modules found, entering strict repository configuration mode
[17:28:54:962] [INFO] - org.springframework.data.repository.config.RepositoryConfigurationDelegate.registerRepositoriesIn(RepositoryConfigurationDelegate.java:132) - Bootstrapping Spring Data JPA repositories in DEFAULT mode.
[17:28:55:302] [INFO] - org.springframework.data.repository.config.RepositoryConfigurationDelegate.registerRepositoriesIn(RepositoryConfigurationDelegate.java:201) - Finished Spring Data repository scanning in 329 ms. Found 1 JPA repository interfaces.
[17:28:55:336] [INFO] - org.springframework.data.repository.config.RepositoryConfigurationDelegate.multipleStoresDetected(RepositoryConfigurationDelegate.java:262) - Multiple Spring Data modules found, entering strict repository configuration mode
[17:28:55:338] [INFO] - org.springframework.data.repository.config.RepositoryConfigurationDelegate.registerRepositoriesIn(RepositoryConfigurationDelegate.java:132) - Bootstrapping Spring Data Redis repositories in DEFAULT mode.
[17:28:55:352] [INFO] - org.springframework.data.repository.config.RepositoryConfigurationExtensionSupport.isStrictRepositoryCandidate(RepositoryConfigurationExtensionSupport.java:349) - Spring Data Redis - Could not safely identify store assignment for repository candidate interface com.example.fhdemo.cache.ItemRepository; If you want this repository to be a Redis repository, consider annotating your entities with one of these annotations: org.springframework.data.redis.core.RedisHash (preferred), or consider extending one of the following types with your repository: org.springframework.data.keyvalue.repository.KeyValueRepository
[17:28:55:352] [INFO] - org.springframework.data.repository.config.RepositoryConfigurationDelegate.registerRepositoriesIn(RepositoryConfigurationDelegate.java:201) - Finished Spring Data repository scanning in 4 ms. Found 0 Redis repository interfaces.
[17:28:55:613] [INFO] - org.springframework.cloud.context.scope.GenericScope.setSerializationId(GenericScope.java:283) - BeanFactory id=45c5d0c7-6000-37a4-9f75-10e90098fba1
[17:28:55:716] [INFO] - com.ulisesbocchio.jasyptspringboot.configuration.EnableEncryptablePropertiesBeanFactoryPostProcessor.postProcessBeanFactory(EnableEncryptablePropertiesBeanFactoryPostProcessor.java:44) - Post-processing PropertySource instances
[17:28:55:735] [INFO] - com.ulisesbocchio.jasyptspringboot.EncryptablePropertySourceConverter.makeEncryptable(EncryptablePropertySourceConverter.java:105) - Skipping PropertySource configurationProperties [class org.springframework.boot.context.properties.source.ConfigurationPropertySourcesPropertySource
[17:28:55:738] [INFO] - com.ulisesbocchio.jasyptspringboot.EncryptablePropertySourceConverter.makeEncryptable(EncryptablePropertySourceConverter.java:105) - Skipping PropertySource servletConfigInitParams [class org.springframework.core.env.PropertySource$StubPropertySource
[17:28:55:738] [INFO] - com.ulisesbocchio.jasyptspringboot.EncryptablePropertySourceConverter.makeEncryptable(EncryptablePropertySourceConverter.java:105) - Skipping PropertySource servletContextInitParams [class org.springframework.core.env.PropertySource$StubPropertySource
[17:28:55:740] [INFO] - com.ulisesbocchio.jasyptspringboot.EncryptablePropertySourceConverter.makeEncryptable(EncryptablePropertySourceConverter.java:110) - Converting PropertySource systemProperties [org.springframework.core.env.PropertiesPropertySource] to EncryptableMapPropertySourceWrapper
[17:28:55:742] [INFO] - com.ulisesbocchio.jasyptspringboot.EncryptablePropertySourceConverter.makeEncryptable(EncryptablePropertySourceConverter.java:110) - Converting PropertySource systemEnvironment [org.springframework.boot.env.SystemEnvironmentPropertySourceEnvironmentPostProcessor$OriginAwareSystemEnvironmentPropertySource] to EncryptableSystemEnvironmentPropertySourceWrapper
[17:28:55:742] [INFO] - com.ulisesbocchio.jasyptspringboot.EncryptablePropertySourceConverter.makeEncryptable(EncryptablePropertySourceConverter.java:110) - Converting PropertySource random [org.springframework.boot.env.RandomValuePropertySource] to EncryptablePropertySourceWrapper
[17:28:55:743] [INFO] - com.ulisesbocchio.jasyptspringboot.EncryptablePropertySourceConverter.makeEncryptable(EncryptablePropertySourceConverter.java:110) - Converting PropertySource cachedrandom [org.springframework.cloud.util.random.CachedRandomPropertySource] to EncryptablePropertySourceWrapper
[17:28:55:743] [INFO] - com.ulisesbocchio.jasyptspringboot.EncryptablePropertySourceConverter.makeEncryptable(EncryptablePropertySourceConverter.java:110) - Converting PropertySource springCloudClientHostInfo [org.springframework.core.env.MapPropertySource] to EncryptableMapPropertySourceWrapper
[17:28:55:743] [INFO] - com.ulisesbocchio.jasyptspringboot.EncryptablePropertySourceConverter.makeEncryptable(EncryptablePropertySourceConverter.java:110) - Converting PropertySource Config resource 'class path resource [application.yml]' via location 'optional:classpath:/' [org.springframework.boot.env.OriginTrackedMapPropertySource] to EncryptableMapPropertySourceWrapper
[17:28:55:898] [INFO] - org.springframework.context.support.PostProcessorRegistrationDelegate$BeanPostProcessorChecker.postProcessAfterInitialization(PostProcessorRegistrationDelegate.java:376) - Bean 'org.springframework.cloud.client.loadbalancer.reactive.LoadBalancerBeanPostProcessorAutoConfiguration' of type [org.springframework.cloud.client.loadbalancer.reactive.LoadBalancerBeanPostProcessorAutoConfiguration] is not eligible for getting processed by all BeanPostProcessors (for example: not eligible for auto-proxying)
[17:28:55:900] [INFO] - org.springframework.context.support.PostProcessorRegistrationDelegate$BeanPostProcessorChecker.postProcessAfterInitialization(PostProcessorRegistrationDelegate.java:376) - Bean 'org.springframework.cloud.client.loadbalancer.reactive.LoadBalancerBeanPostProcessorAutoConfiguration$ReactorDeferringLoadBalancerFilterConfig' of type [org.springframework.cloud.client.loadbalancer.reactive.LoadBalancerBeanPostProcessorAutoConfiguration$ReactorDeferringLoadBalancerFilterConfig] is not eligible for getting processed by all BeanPostProcessors (for example: not eligible for auto-proxying)
[17:28:55:903] [INFO] - org.springframework.context.support.PostProcessorRegistrationDelegate$BeanPostProcessorChecker.postProcessAfterInitialization(PostProcessorRegistrationDelegate.java:376) - Bean 'reactorDeferringLoadBalancerExchangeFilterFunction' of type [org.springframework.cloud.client.loadbalancer.reactive.DeferringLoadBalancerExchangeFilterFunction] is not eligible for getting processed by all BeanPostProcessors (for example: not eligible for auto-proxying)
[17:28:56:247] [INFO] - org.springframework.boot.web.embedded.tomcat.TomcatWebServer.initialize(TomcatWebServer.java:108) - Tomcat initialized with port(s): 8081 (http)
[17:28:56:270] [INFO] - org.apache.juli.logging.DirectJDKLog.log(DirectJDKLog.java:173) - Initializing ProtocolHandler ["http-nio-8081"]
[17:28:56:270] [INFO] - org.apache.juli.logging.DirectJDKLog.log(DirectJDKLog.java:173) - Starting service [Tomcat]
[17:28:56:271] [INFO] - org.apache.juli.logging.DirectJDKLog.log(DirectJDKLog.java:173) - Starting Servlet engine: [Apache Tomcat/9.0.65]
[17:28:56:329] [INFO] - org.apache.juli.logging.DirectJDKLog.log(DirectJDKLog.java:173) - Initializing Spring embedded WebApplicationContext
[17:28:56:329] [INFO] - org.springframework.boot.web.servlet.context.ServletWebServerApplicationContext.prepareWebApplicationContext(ServletWebServerApplicationContext.java:292) - Root WebApplicationContext: initialization completed in 3101 ms
[17:28:56:381] [INFO] - com.ulisesbocchio.jasyptspringboot.filter.DefaultLazyPropertyFilter.lambda$new$2(DefaultLazyPropertyFilter.java:45) - Property Filter custom Bean not found with name 'encryptablePropertyFilter'. Initializing Default Property Filter
[17:28:56:390] [INFO] - com.ulisesbocchio.jasyptspringboot.resolver.DefaultLazyPropertyResolver.lambda$new$2(DefaultLazyPropertyResolver.java:46) - Property Resolver custom Bean not found with name 'encryptablePropertyResolver'. Initializing Default Property Resolver
[17:28:56:391] [INFO] - com.ulisesbocchio.jasyptspringboot.detector.DefaultLazyPropertyDetector.lambda$new$2(DefaultLazyPropertyDetector.java:44) - Property Detector custom Bean not found with name 'encryptablePropertyDetector'. Initializing Default Property Detector
[17:28:56:398] [INFO] - com.ulisesbocchio.jasyptspringboot.encryptor.DefaultLazyEncryptor.lambda$new$2(DefaultLazyEncryptor.java:46) - String Encryptor custom Bean not found with name 'jasyptStringEncryptor'. Initializing Default String Encryptor
[17:28:56:407] [INFO] - com.ulisesbocchio.jasyptspringboot.configuration.StringEncryptorBuilder.get(StringEncryptorBuilder.java:119) - Encryptor config not found for property jasypt.encryptor.key-obtention-iterations, using default value: 1000
[17:28:56:408] [INFO] - com.ulisesbocchio.jasyptspringboot.configuration.StringEncryptorBuilder.get(StringEncryptorBuilder.java:119) - Encryptor config not found for property jasypt.encryptor.pool-size, using default value: 1
[17:28:56:408] [INFO] - com.ulisesbocchio.jasyptspringboot.configuration.StringEncryptorBuilder.get(StringEncryptorBuilder.java:119) - Encryptor config not found for property jasypt.encryptor.provider-name, using default value: null
[17:28:56:409] [INFO] - com.ulisesbocchio.jasyptspringboot.configuration.StringEncryptorBuilder.get(StringEncryptorBuilder.java:119) - Encryptor config not found for property jasypt.encryptor.provider-class-name, using default value: null
[17:28:56:409] [INFO] - com.ulisesbocchio.jasyptspringboot.configuration.StringEncryptorBuilder.get(StringEncryptorBuilder.java:119) - Encryptor config not found for property jasypt.encryptor.salt-generator-classname, using default value: org.jasypt.salt.RandomSaltGenerator
[17:28:56:413] [INFO] - com.ulisesbocchio.jasyptspringboot.configuration.StringEncryptorBuilder.get(StringEncryptorBuilder.java:119) - Encryptor config not found for property jasypt.encryptor.string-output-type, using default value: base64
[17:28:56:571] [INFO] - com.zaxxer.hikari.HikariDataSource.getConnection(HikariDataSource.java:110) - HikariPool-1 - Starting...
[17:28:57:226] [INFO] - com.zaxxer.hikari.HikariDataSource.getConnection(HikariDataSource.java:123) - HikariPool-1 - Start completed.
[17:28:57:311] [INFO] - org.hibernate.jpa.internal.util.LogHelper.logPersistenceUnitInformation(LogHelper.java:31) - HHH000204: Processing PersistenceUnitInfo [name: default]
[17:28:57:458] [INFO] - org.hibernate.Version.logVersion(Version.java:44) - HHH000412: Hibernate ORM core version 5.6.10.Final
[17:28:57:824] [INFO] - org.hibernate.annotations.common.reflection.java.JavaReflectionManager.<clinit>(JavaReflectionManager.java:56) - HCANN000001: Hibernate Commons Annotations {5.1.2.Final}
[17:28:58:049] [INFO] - org.hibernate.dialect.Dialect.<init>(Dialect.java:175) - HHH000400: Using dialect: org.hibernate.dialect.MySQL57Dialect
[17:28:58:606] [INFO] - org.hibernate.engine.transaction.jta.platform.internal.JtaPlatformInitiator.initiateService(JtaPlatformInitiator.java:52) - HHH000490: Using JtaPlatform implementation: [org.hibernate.engine.transaction.jta.platform.internal.NoJtaPlatform]
[17:28:58:614] [INFO] - org.springframework.orm.jpa.AbstractEntityManagerFactoryBean.buildNativeEntityManagerFactory(AbstractEntityManagerFactoryBean.java:437) - Initialized JPA EntityManagerFactory for persistence unit 'default'
[17:28:59:161] [WARN] - org.springframework.boot.autoconfigure.orm.jpa.JpaBaseConfiguration$JpaWebConfiguration.openEntityManagerInViewInterceptor(JpaBaseConfiguration.java:219) - spring.jpa.open-in-view is enabled by default. Therefore, database queries may be performed during view rendering. Explicitly configure spring.jpa.open-in-view to disable this warning
[17:29:01:547] [WARN] - org.springframework.cloud.loadbalancer.config.LoadBalancerCacheAutoConfiguration$LoadBalancerCaffeineWarnLogger.logWarning(LoadBalancerCacheAutoConfiguration.java:82) - Spring Cloud LoadBalancer is currently working with the default cache. While this cache implementation is useful for development and tests, it's recommended to use Caffeine cache in production.You can switch to using Caffeine cache, by adding it and org.springframework.cache.caffeine.CaffeineCacheManager to the classpath.
[17:29:01:669] [INFO] - org.apache.juli.logging.DirectJDKLog.log(DirectJDKLog.java:173) - Starting ProtocolHandler ["http-nio-8081"]
[17:29:01:692] [INFO] - org.springframework.boot.web.embedded.tomcat.TomcatWebServer.start(TomcatWebServer.java:220) - Tomcat started on port(s): 8081 (http) with context path ''
[17:29:01:694] [INFO] - com.ulisesbocchio.jasyptspringboot.caching.RefreshScopeRefreshedEventListener.onApplicationEvent(RefreshScopeRefreshedEventListener.java:70) - Refreshing cached encryptable property sources on ServletWebServerInitializedEvent
[17:29:01:694] [INFO] - com.ulisesbocchio.jasyptspringboot.caching.CachingDelegateEncryptablePropertySource.refresh(CachingDelegateEncryptablePropertySource.java:92) - Property Source systemProperties refreshed
[17:29:01:694] [INFO] - com.ulisesbocchio.jasyptspringboot.caching.CachingDelegateEncryptablePropertySource.refresh(CachingDelegateEncryptablePropertySource.java:92) - Property Source systemEnvironment refreshed
[17:29:01:694] [INFO] - com.ulisesbocchio.jasyptspringboot.caching.CachingDelegateEncryptablePropertySource.refresh(CachingDelegateEncryptablePropertySource.java:92) - Property Source random refreshed
[17:29:01:695] [INFO] - com.ulisesbocchio.jasyptspringboot.caching.CachingDelegateEncryptablePropertySource.refresh(CachingDelegateEncryptablePropertySource.java:92) - Property Source cachedrandom refreshed
[17:29:01:695] [INFO] - com.ulisesbocchio.jasyptspringboot.caching.CachingDelegateEncryptablePropertySource.refresh(CachingDelegateEncryptablePropertySource.java:92) - Property Source springCloudClientHostInfo refreshed
[17:29:01:695] [INFO] - com.ulisesbocchio.jasyptspringboot.caching.CachingDelegateEncryptablePropertySource.refresh(CachingDelegateEncryptablePropertySource.java:92) - Property Source Config resource 'class path resource [application.yml]' via location 'optional:classpath:/' refreshed
[17:29:01:695] [INFO] - com.ulisesbocchio.jasyptspringboot.EncryptablePropertySourceConverter.makeEncryptable(EncryptablePropertySourceConverter.java:105) - Skipping PropertySource configurationProperties [class org.springframework.boot.context.properties.source.ConfigurationPropertySourcesPropertySource
[17:29:01:695] [INFO] - com.ulisesbocchio.jasyptspringboot.EncryptablePropertySourceConverter.makeEncryptable(EncryptablePropertySourceConverter.java:105) - Skipping PropertySource servletConfigInitParams [class org.springframework.core.env.PropertySource$StubPropertySource
[17:29:01:696] [INFO] - com.ulisesbocchio.jasyptspringboot.EncryptablePropertySourceConverter.makeEncryptable(EncryptablePropertySourceConverter.java:110) - Converting PropertySource servletContextInitParams [org.springframework.web.context.support.ServletContextPropertySource] to EncryptableEnumerablePropertySourceWrapper
[17:29:01:964] [INFO] - org.springframework.boot.StartupInfoLogger.logStarted(StartupInfoLogger.java:61) - Started FhDemoApplication in 10.353 seconds (JVM running for 13.966)
[17:30:05:735] [INFO] - org.apache.juli.logging.DirectJDKLog.log(DirectJDKLog.java:173) - Initializing Spring DispatcherServlet 'dispatcherServlet'
[17:30:05:735] [INFO] - org.springframework.web.servlet.FrameworkServlet.initServletBean(FrameworkServlet.java:525) - Initializing Servlet 'dispatcherServlet'
[17:30:05:736] [INFO] - org.springframework.web.servlet.FrameworkServlet.initServletBean(FrameworkServlet.java:547) - Completed initialization in 1 ms
[17:30:05:824] [INFO] - com.example.fhdemo.trtc.QueryMsgController.getUserSig(QueryMsgController.java:65) - usersig==>>:
eJyrVgrxCdZLrSjILEpVsjI0NTU1MgACHbBwWWqRkpWSkZ6BEoRfnJKdWFCQmQJUaGJgYGZobGhhBpHJTEnNK8lMywRrKEuOL64sLknNhWnLTAeK5kS5Fhj4e2SEeLll6wcaZeTk*Znmeaa7VwSUG5eUhAbnF*Q5OaVklQX6*dpCNZZk5oIcZWZubGJkaWJgWgsAZvYz5Q__
[17:30:18:438] [INFO] - com.example.fhdemo.trtc.QueryMsgController.getRoamMsg(QueryMsgController.java:58) - msg:{"ActionStatus":"OK","ErrorInfo":"","ErrorCode":0,"Complete":1,"MsgCnt":0,"MsgList":[]}
[17:32:18:767] [INFO] - org.springframework.orm.jpa.AbstractEntityManagerFactoryBean.destroy(AbstractEntityManagerFactoryBean.java:651) - Closing JPA EntityManagerFactory for persistence unit 'default'
[17:32:18:786] [INFO] - com.zaxxer.hikari.HikariDataSource.close(HikariDataSource.java:350) - HikariPool-1 - Shutdown initiated...
[17:32:18:795] [INFO] - com.zaxxer.hikari.HikariDataSource.close(HikariDataSource.java:352) - HikariPool-1 - Shutdown completed.
[17:33:00:195] [INFO] - org.springframework.boot.StartupInfoLogger.logStarting(StartupInfoLogger.java:55) - Starting FhDemoApplication using Java 17.0.3.1 on zhanglei with PID 17324 (D:\IdeaProject\fh-demo\target\classes started by EDY in D:\IdeaProject\fh-demo)
[17:33:00:206] [INFO] - org.springframework.boot.SpringApplication.logStartupProfileInfo(SpringApplication.java:634) - No active profile set, falling back to 1 default profile: "default"
[17:33:01:194] [INFO] - org.springframework.data.repository.config.RepositoryConfigurationDelegate.multipleStoresDetected(RepositoryConfigurationDelegate.java:262) - Multiple Spring Data modules found, entering strict repository configuration mode
[17:33:01:195] [INFO] - org.springframework.data.repository.config.RepositoryConfigurationDelegate.registerRepositoriesIn(RepositoryConfigurationDelegate.java:132) - Bootstrapping Spring Data JPA repositories in DEFAULT mode.
[17:33:01:458] [INFO] - org.springframework.data.repository.config.RepositoryConfigurationDelegate.registerRepositoriesIn(RepositoryConfigurationDelegate.java:201) - Finished Spring Data repository scanning in 256 ms. Found 1 JPA repository interfaces.
[17:33:01:470] [INFO] - org.springframework.data.repository.config.RepositoryConfigurationDelegate.multipleStoresDetected(RepositoryConfigurationDelegate.java:262) - Multiple Spring Data modules found, entering strict repository configuration mode
[17:33:01:472] [INFO] - org.springframework.data.repository.config.RepositoryConfigurationDelegate.registerRepositoriesIn(RepositoryConfigurationDelegate.java:132) - Bootstrapping Spring Data Redis repositories in DEFAULT mode.
[17:33:01:482] [INFO] - org.springframework.data.repository.config.RepositoryConfigurationExtensionSupport.isStrictRepositoryCandidate(RepositoryConfigurationExtensionSupport.java:349) - Spring Data Redis - Could not safely identify store assignment for repository candidate interface com.example.fhdemo.cache.ItemRepository; If you want this repository to be a Redis repository, consider annotating your entities with one of these annotations: org.springframework.data.redis.core.RedisHash (preferred), or consider extending one of the following types with your repository: org.springframework.data.keyvalue.repository.KeyValueRepository
[17:33:01:482] [INFO] - org.springframework.data.repository.config.RepositoryConfigurationDelegate.registerRepositoriesIn(RepositoryConfigurationDelegate.java:201) - Finished Spring Data repository scanning in 4 ms. Found 0 Redis repository interfaces.
[17:33:01:640] [INFO] - org.springframework.cloud.context.scope.GenericScope.setSerializationId(GenericScope.java:283) - BeanFactory id=45c5d0c7-6000-37a4-9f75-10e90098fba1
[17:33:01:709] [INFO] - com.ulisesbocchio.jasyptspringboot.configuration.EnableEncryptablePropertiesBeanFactoryPostProcessor.postProcessBeanFactory(EnableEncryptablePropertiesBeanFactoryPostProcessor.java:44) - Post-processing PropertySource instances
[17:33:01:713] [INFO] - com.ulisesbocchio.jasyptspringboot.EncryptablePropertySourceConverter.makeEncryptable(EncryptablePropertySourceConverter.java:105) - Skipping PropertySource configurationProperties [class org.springframework.boot.context.properties.source.ConfigurationPropertySourcesPropertySource
[17:33:01:714] [INFO] - com.ulisesbocchio.jasyptspringboot.EncryptablePropertySourceConverter.makeEncryptable(EncryptablePropertySourceConverter.java:105) - Skipping PropertySource servletConfigInitParams [class org.springframework.core.env.PropertySource$StubPropertySource
[17:33:01:714] [INFO] - com.ulisesbocchio.jasyptspringboot.EncryptablePropertySourceConverter.makeEncryptable(EncryptablePropertySourceConverter.java:105) - Skipping PropertySource servletContextInitParams [class org.springframework.core.env.PropertySource$StubPropertySource
[17:33:01:716] [INFO] - com.ulisesbocchio.jasyptspringboot.EncryptablePropertySourceConverter.makeEncryptable(EncryptablePropertySourceConverter.java:110) - Converting PropertySource systemProperties [org.springframework.core.env.PropertiesPropertySource] to EncryptableMapPropertySourceWrapper
[17:33:01:716] [INFO] - com.ulisesbocchio.jasyptspringboot.EncryptablePropertySourceConverter.makeEncryptable(EncryptablePropertySourceConverter.java:110) - Converting PropertySource systemEnvironment [org.springframework.boot.env.SystemEnvironmentPropertySourceEnvironmentPostProcessor$OriginAwareSystemEnvironmentPropertySource] to EncryptableSystemEnvironmentPropertySourceWrapper
[17:33:01:717] [INFO] - com.ulisesbocchio.jasyptspringboot.EncryptablePropertySourceConverter.makeEncryptable(EncryptablePropertySourceConverter.java:110) - Converting PropertySource random [org.springframework.boot.env.RandomValuePropertySource] to EncryptablePropertySourceWrapper
[17:33:01:717] [INFO] - com.ulisesbocchio.jasyptspringboot.EncryptablePropertySourceConverter.makeEncryptable(EncryptablePropertySourceConverter.java:110) - Converting PropertySource cachedrandom [org.springframework.cloud.util.random.CachedRandomPropertySource] to EncryptablePropertySourceWrapper
[17:33:01:717] [INFO] - com.ulisesbocchio.jasyptspringboot.EncryptablePropertySourceConverter.makeEncryptable(EncryptablePropertySourceConverter.java:110) - Converting PropertySource springCloudClientHostInfo [org.springframework.core.env.MapPropertySource] to EncryptableMapPropertySourceWrapper
[17:33:01:718] [INFO] - com.ulisesbocchio.jasyptspringboot.EncryptablePropertySourceConverter.makeEncryptable(EncryptablePropertySourceConverter.java:110) - Converting PropertySource Config resource 'class path resource [application.yml]' via location 'optional:classpath:/' [org.springframework.boot.env.OriginTrackedMapPropertySource] to EncryptableMapPropertySourceWrapper
[17:33:01:809] [INFO] - org.springframework.context.support.PostProcessorRegistrationDelegate$BeanPostProcessorChecker.postProcessAfterInitialization(PostProcessorRegistrationDelegate.java:376) - Bean 'org.springframework.cloud.client.loadbalancer.reactive.LoadBalancerBeanPostProcessorAutoConfiguration' of type [org.springframework.cloud.client.loadbalancer.reactive.LoadBalancerBeanPostProcessorAutoConfiguration] is not eligible for getting processed by all BeanPostProcessors (for example: not eligible for auto-proxying)
[17:33:01:810] [INFO] - org.springframework.context.support.PostProcessorRegistrationDelegate$BeanPostProcessorChecker.postProcessAfterInitialization(PostProcessorRegistrationDelegate.java:376) - Bean 'org.springframework.cloud.client.loadbalancer.reactive.LoadBalancerBeanPostProcessorAutoConfiguration$ReactorDeferringLoadBalancerFilterConfig' of type [org.springframework.cloud.client.loadbalancer.reactive.LoadBalancerBeanPostProcessorAutoConfiguration$ReactorDeferringLoadBalancerFilterConfig] is not eligible for getting processed by all BeanPostProcessors (for example: not eligible for auto-proxying)
[17:33:01:812] [INFO] - org.springframework.context.support.PostProcessorRegistrationDelegate$BeanPostProcessorChecker.postProcessAfterInitialization(PostProcessorRegistrationDelegate.java:376) - Bean 'reactorDeferringLoadBalancerExchangeFilterFunction' of type [org.springframework.cloud.client.loadbalancer.reactive.DeferringLoadBalancerExchangeFilterFunction] is not eligible for getting processed by all BeanPostProcessors (for example: not eligible for auto-proxying)
[17:33:02:054] [INFO] - org.springframework.boot.web.embedded.tomcat.TomcatWebServer.initialize(TomcatWebServer.java:108) - Tomcat initialized with port(s): 8081 (http)
[17:33:02:064] [INFO] - org.apache.juli.logging.DirectJDKLog.log(DirectJDKLog.java:173) - Initializing ProtocolHandler ["http-nio-8081"]
[17:33:02:065] [INFO] - org.apache.juli.logging.DirectJDKLog.log(DirectJDKLog.java:173) - Starting service [Tomcat]
[17:33:02:065] [INFO] - org.apache.juli.logging.DirectJDKLog.log(DirectJDKLog.java:173) - Starting Servlet engine: [Apache Tomcat/9.0.65]
[17:33:02:116] [INFO] - org.apache.juli.logging.DirectJDKLog.log(DirectJDKLog.java:173) - Initializing Spring embedded WebApplicationContext
[17:33:02:116] [INFO] - org.springframework.boot.web.servlet.context.ServletWebServerApplicationContext.prepareWebApplicationContext(ServletWebServerApplicationContext.java:292) - Root WebApplicationContext: initialization completed in 1871 ms
[17:33:02:156] [INFO] - com.ulisesbocchio.jasyptspringboot.filter.DefaultLazyPropertyFilter.lambda$new$2(DefaultLazyPropertyFilter.java:45) - Property Filter custom Bean not found with name 'encryptablePropertyFilter'. Initializing Default Property Filter
[17:33:02:164] [INFO] - com.ulisesbocchio.jasyptspringboot.resolver.DefaultLazyPropertyResolver.lambda$new$2(DefaultLazyPropertyResolver.java:46) - Property Resolver custom Bean not found with name 'encryptablePropertyResolver'. Initializing Default Property Resolver
[17:33:02:166] [INFO] - com.ulisesbocchio.jasyptspringboot.detector.DefaultLazyPropertyDetector.lambda$new$2(DefaultLazyPropertyDetector.java:44) - Property Detector custom Bean not found with name 'encryptablePropertyDetector'. Initializing Default Property Detector
[17:33:02:172] [INFO] - com.ulisesbocchio.jasyptspringboot.encryptor.DefaultLazyEncryptor.lambda$new$2(DefaultLazyEncryptor.java:46) - String Encryptor custom Bean not found with name 'jasyptStringEncryptor'. Initializing Default String Encryptor
[17:33:02:180] [INFO] - com.ulisesbocchio.jasyptspringboot.configuration.StringEncryptorBuilder.get(StringEncryptorBuilder.java:119) - Encryptor config not found for property jasypt.encryptor.key-obtention-iterations, using default value: 1000
[17:33:02:180] [INFO] - com.ulisesbocchio.jasyptspringboot.configuration.StringEncryptorBuilder.get(StringEncryptorBuilder.java:119) - Encryptor config not found for property jasypt.encryptor.pool-size, using default value: 1
[17:33:02:181] [INFO] - com.ulisesbocchio.jasyptspringboot.configuration.StringEncryptorBuilder.get(StringEncryptorBuilder.java:119) - Encryptor config not found for property jasypt.encryptor.provider-name, using default value: null
[17:33:02:181] [INFO] - com.ulisesbocchio.jasyptspringboot.configuration.StringEncryptorBuilder.get(StringEncryptorBuilder.java:119) - Encryptor config not found for property jasypt.encryptor.provider-class-name, using default value: null
[17:33:02:181] [INFO] - com.ulisesbocchio.jasyptspringboot.configuration.StringEncryptorBuilder.get(StringEncryptorBuilder.java:119) - Encryptor config not found for property jasypt.encryptor.salt-generator-classname, using default value: org.jasypt.salt.RandomSaltGenerator
[17:33:02:185] [INFO] - com.ulisesbocchio.jasyptspringboot.configuration.StringEncryptorBuilder.get(StringEncryptorBuilder.java:119) - Encryptor config not found for property jasypt.encryptor.string-output-type, using default value: base64
[17:33:02:258] [INFO] - com.zaxxer.hikari.HikariDataSource.getConnection(HikariDataSource.java:110) - HikariPool-1 - Starting...
[17:33:02:600] [INFO] - com.zaxxer.hikari.HikariDataSource.getConnection(HikariDataSource.java:123) - HikariPool-1 - Start completed.
[17:33:02:651] [INFO] - org.hibernate.jpa.internal.util.LogHelper.logPersistenceUnitInformation(LogHelper.java:31) - HHH000204: Processing PersistenceUnitInfo [name: default]
[17:33:02:776] [INFO] - org.hibernate.Version.logVersion(Version.java:44) - HHH000412: Hibernate ORM core version 5.6.10.Final
[17:33:03:074] [INFO] - org.hibernate.annotations.common.reflection.java.JavaReflectionManager.<clinit>(JavaReflectionManager.java:56) - HCANN000001: Hibernate Commons Annotations {5.1.2.Final}
[17:33:03:174] [INFO] - org.hibernate.dialect.Dialect.<init>(Dialect.java:175) - HHH000400: Using dialect: org.hibernate.dialect.MySQL57Dialect
[17:33:03:624] [INFO] - org.hibernate.engine.transaction.jta.platform.internal.JtaPlatformInitiator.initiateService(JtaPlatformInitiator.java:52) - HHH000490: Using JtaPlatform implementation: [org.hibernate.engine.transaction.jta.platform.internal.NoJtaPlatform]
[17:33:03:631] [INFO] - org.springframework.orm.jpa.AbstractEntityManagerFactoryBean.buildNativeEntityManagerFactory(AbstractEntityManagerFactoryBean.java:437) - Initialized JPA EntityManagerFactory for persistence unit 'default'
[17:33:03:889] [WARN] - org.springframework.boot.autoconfigure.orm.jpa.JpaBaseConfiguration$JpaWebConfiguration.openEntityManagerInViewInterceptor(JpaBaseConfiguration.java:219) - spring.jpa.open-in-view is enabled by default. Therefore, database queries may be performed during view rendering. Explicitly configure spring.jpa.open-in-view to disable this warning
[17:33:04:780] [WARN] - org.springframework.cloud.loadbalancer.config.LoadBalancerCacheAutoConfiguration$LoadBalancerCaffeineWarnLogger.logWarning(LoadBalancerCacheAutoConfiguration.java:82) - Spring Cloud LoadBalancer is currently working with the default cache. While this cache implementation is useful for development and tests, it's recommended to use Caffeine cache in production.You can switch to using Caffeine cache, by adding it and org.springframework.cache.caffeine.CaffeineCacheManager to the classpath.
[17:33:04:854] [INFO] - org.apache.juli.logging.DirectJDKLog.log(DirectJDKLog.java:173) - Starting ProtocolHandler ["http-nio-8081"]
[17:33:04:864] [INFO] - org.springframework.boot.web.embedded.tomcat.TomcatWebServer.start(TomcatWebServer.java:220) - Tomcat started on port(s): 8081 (http) with context path ''
[17:33:04:865] [INFO] - com.ulisesbocchio.jasyptspringboot.caching.RefreshScopeRefreshedEventListener.onApplicationEvent(RefreshScopeRefreshedEventListener.java:70) - Refreshing cached encryptable property sources on ServletWebServerInitializedEvent
[17:33:04:865] [INFO] - com.ulisesbocchio.jasyptspringboot.caching.CachingDelegateEncryptablePropertySource.refresh(CachingDelegateEncryptablePropertySource.java:92) - Property Source systemProperties refreshed
[17:33:04:865] [INFO] - com.ulisesbocchio.jasyptspringboot.caching.CachingDelegateEncryptablePropertySource.refresh(CachingDelegateEncryptablePropertySource.java:92) - Property Source systemEnvironment refreshed
[17:33:04:866] [INFO] - com.ulisesbocchio.jasyptspringboot.caching.CachingDelegateEncryptablePropertySource.refresh(CachingDelegateEncryptablePropertySource.java:92) - Property Source random refreshed
[17:33:04:866] [INFO] - com.ulisesbocchio.jasyptspringboot.caching.CachingDelegateEncryptablePropertySource.refresh(CachingDelegateEncryptablePropertySource.java:92) - Property Source cachedrandom refreshed
[17:33:04:866] [INFO] - com.ulisesbocchio.jasyptspringboot.caching.CachingDelegateEncryptablePropertySource.refresh(CachingDelegateEncryptablePropertySource.java:92) - Property Source springCloudClientHostInfo refreshed
[17:33:04:866] [INFO] - com.ulisesbocchio.jasyptspringboot.caching.CachingDelegateEncryptablePropertySource.refresh(CachingDelegateEncryptablePropertySource.java:92) - Property Source Config resource 'class path resource [application.yml]' via location 'optional:classpath:/' refreshed
[17:33:04:866] [INFO] - com.ulisesbocchio.jasyptspringboot.EncryptablePropertySourceConverter.makeEncryptable(EncryptablePropertySourceConverter.java:105) - Skipping PropertySource configurationProperties [class org.springframework.boot.context.properties.source.ConfigurationPropertySourcesPropertySource
[17:33:04:866] [INFO] - com.ulisesbocchio.jasyptspringboot.EncryptablePropertySourceConverter.makeEncryptable(EncryptablePropertySourceConverter.java:105) - Skipping PropertySource servletConfigInitParams [class org.springframework.core.env.PropertySource$StubPropertySource
[17:33:04:867] [INFO] - com.ulisesbocchio.jasyptspringboot.EncryptablePropertySourceConverter.makeEncryptable(EncryptablePropertySourceConverter.java:110) - Converting PropertySource servletContextInitParams [org.springframework.web.context.support.ServletContextPropertySource] to EncryptableEnumerablePropertySourceWrapper
[17:33:05:102] [INFO] - org.springframework.boot.StartupInfoLogger.logStarted(StartupInfoLogger.java:61) - Started FhDemoApplication in 5.389 seconds (JVM running for 6.836)
[17:33:31:458] [INFO] - org.apache.juli.logging.DirectJDKLog.log(DirectJDKLog.java:173) - Initializing Spring DispatcherServlet 'dispatcherServlet'
[17:33:31:458] [INFO] - org.springframework.web.servlet.FrameworkServlet.initServletBean(FrameworkServlet.java:525) - Initializing Servlet 'dispatcherServlet'
[17:33:31:460] [INFO] - org.springframework.web.servlet.FrameworkServlet.initServletBean(FrameworkServlet.java:547) - Completed initialization in 2 ms
[17:33:31:486] [INFO] - com.example.fhdemo.trtc.QueryMsgController.getUserSig(QueryMsgController.java:65) - usersig==>>:
eJyrVgrxCdZLrSjILEpVsjI0NTU1MgACHbBwWWqRkpWSkZ6BEoRfnJKdWFCQmQJUaGJgYGZobGhhBpHJTEnNK8lMywRrKEuOL64sLknNhWnLTAeK5qRWhJvm53pXmDlF5QeYBhoW5iaF5fjnJPoGZheFerm7J*YYeBpEWuYaFNtCNZZk5oIcZWZubGJkaWZoWAsAbREzpg__
[17:33:33:018] [INFO] - com.example.fhdemo.trtc.QueryMsgController.getRoamMsg(QueryMsgController.java:58) - msg:{"ActionStatus":"OK","ErrorInfo":"","ErrorCode":0,"Complete":1,"MsgCnt":0,"MsgList":[]}
[17:52:41:871] [INFO] - com.example.fhdemo.trtc.QueryMsgController.getUserSig(QueryMsgController.java:65) - usersig==>>:
eJyrVgrxCdZLrSjILEpVsjI0NTU1MgACHbBwWWqRkpWSkZ6BEoRfnJKdWFCQmQJUaGJgYGZobGhhBpHJTEnNK8lMywRrKEuOL64sLknNhWnLTAeKhoWa*ma7hvplerinVqXkRGak*fuUFbh6VSQaOztZhGZ6OaemBnlbuIZWBtpCNZZk5oIcZWZubGJsYG5mWAsAX5ozfw__
[17:52:43:924] [INFO] - com.example.fhdemo.trtc.QueryMsgController.getRoamMsg(QueryMsgController.java:58) - msg:{"ActionStatus":"OK","ErrorInfo":"","ErrorCode":0,"Complete":1,"MsgCnt":0,"MsgList":[]}
[17:53:07:734] [INFO] - org.springframework.boot.StartupInfoLogger.logStarting(StartupInfoLogger.java:55) - Starting FhDemoApplication using Java 17.0.3.1 on zhanglei with PID 9804 (D:\IdeaProject\fh-demo\target\classes started by EDY in D:\IdeaProject\fh-demo)
[17:53:07:750] [INFO] - org.springframework.boot.SpringApplication.logStartupProfileInfo(SpringApplication.java:634) - No active profile set, falling back to 1 default profile: "default"
[17:53:08:907] [INFO] - org.springframework.data.repository.config.RepositoryConfigurationDelegate.multipleStoresDetected(RepositoryConfigurationDelegate.java:262) - Multiple Spring Data modules found, entering strict repository configuration mode
[17:53:08:907] [INFO] - org.springframework.data.repository.config.RepositoryConfigurationDelegate.registerRepositoriesIn(RepositoryConfigurationDelegate.java:132) - Bootstrapping Spring Data JPA repositories in DEFAULT mode.
[17:53:09:259] [INFO] - org.springframework.data.repository.config.RepositoryConfigurationDelegate.registerRepositoriesIn(RepositoryConfigurationDelegate.java:201) - Finished Spring Data repository scanning in 344 ms. Found 1 JPA repository interfaces.
[17:53:09:273] [INFO] - org.springframework.data.repository.config.RepositoryConfigurationDelegate.multipleStoresDetected(RepositoryConfigurationDelegate.java:262) - Multiple Spring Data modules found, entering strict repository configuration mode
[17:53:09:275] [INFO] - org.springframework.data.repository.config.RepositoryConfigurationDelegate.registerRepositoriesIn(RepositoryConfigurationDelegate.java:132) - Bootstrapping Spring Data Redis repositories in DEFAULT mode.
[17:53:09:297] [INFO] - org.springframework.data.repository.config.RepositoryConfigurationExtensionSupport.isStrictRepositoryCandidate(RepositoryConfigurationExtensionSupport.java:349) - Spring Data Redis - Could not safely identify store assignment for repository candidate interface com.example.fhdemo.cache.ItemRepository; If you want this repository to be a Redis repository, consider annotating your entities with one of these annotations: org.springframework.data.redis.core.RedisHash (preferred), or consider extending one of the following types with your repository: org.springframework.data.keyvalue.repository.KeyValueRepository
[17:53:09:298] [INFO] - org.springframework.data.repository.config.RepositoryConfigurationDelegate.registerRepositoriesIn(RepositoryConfigurationDelegate.java:201) - Finished Spring Data repository scanning in 10 ms. Found 0 Redis repository interfaces.
[17:53:09:515] [INFO] - org.springframework.cloud.context.scope.GenericScope.setSerializationId(GenericScope.java:283) - BeanFactory id=45c5d0c7-6000-37a4-9f75-10e90098fba1
[17:53:09:620] [INFO] - com.ulisesbocchio.jasyptspringboot.configuration.EnableEncryptablePropertiesBeanFactoryPostProcessor.postProcessBeanFactory(EnableEncryptablePropertiesBeanFactoryPostProcessor.java:44) - Post-processing PropertySource instances
[17:53:09:623] [INFO] - com.ulisesbocchio.jasyptspringboot.EncryptablePropertySourceConverter.makeEncryptable(EncryptablePropertySourceConverter.java:105) - Skipping PropertySource configurationProperties [class org.springframework.boot.context.properties.source.ConfigurationPropertySourcesPropertySource
[17:53:09:623] [INFO] - com.ulisesbocchio.jasyptspringboot.EncryptablePropertySourceConverter.makeEncryptable(EncryptablePropertySourceConverter.java:105) - Skipping PropertySource servletConfigInitParams [class org.springframework.core.env.PropertySource$StubPropertySource
[17:53:09:624] [INFO] - com.ulisesbocchio.jasyptspringboot.EncryptablePropertySourceConverter.makeEncryptable(EncryptablePropertySourceConverter.java:105) - Skipping PropertySource servletContextInitParams [class org.springframework.core.env.PropertySource$StubPropertySource
[17:53:09:626] [INFO] - com.ulisesbocchio.jasyptspringboot.EncryptablePropertySourceConverter.makeEncryptable(EncryptablePropertySourceConverter.java:110) - Converting PropertySource systemProperties [org.springframework.core.env.PropertiesPropertySource] to EncryptableMapPropertySourceWrapper
[17:53:09:627] [INFO] - com.ulisesbocchio.jasyptspringboot.EncryptablePropertySourceConverter.makeEncryptable(EncryptablePropertySourceConverter.java:110) - Converting PropertySource systemEnvironment [org.springframework.boot.env.SystemEnvironmentPropertySourceEnvironmentPostProcessor$OriginAwareSystemEnvironmentPropertySource] to EncryptableSystemEnvironmentPropertySourceWrapper
[17:53:09:627] [INFO] - com.ulisesbocchio.jasyptspringboot.EncryptablePropertySourceConverter.makeEncryptable(EncryptablePropertySourceConverter.java:110) - Converting PropertySource random [org.springframework.boot.env.RandomValuePropertySource] to EncryptablePropertySourceWrapper
[17:53:09:628] [INFO] - com.ulisesbocchio.jasyptspringboot.EncryptablePropertySourceConverter.makeEncryptable(EncryptablePropertySourceConverter.java:110) - Converting PropertySource cachedrandom [org.springframework.cloud.util.random.CachedRandomPropertySource] to EncryptablePropertySourceWrapper
[17:53:09:628] [INFO] - com.ulisesbocchio.jasyptspringboot.EncryptablePropertySourceConverter.makeEncryptable(EncryptablePropertySourceConverter.java:110) - Converting PropertySource springCloudClientHostInfo [org.springframework.core.env.MapPropertySource] to EncryptableMapPropertySourceWrapper
[17:53:09:628] [INFO] - com.ulisesbocchio.jasyptspringboot.EncryptablePropertySourceConverter.makeEncryptable(EncryptablePropertySourceConverter.java:110) - Converting PropertySource Config resource 'class path resource [application.yml]' via location 'optional:classpath:/' [org.springframework.boot.env.OriginTrackedMapPropertySource] to EncryptableMapPropertySourceWrapper
[17:53:09:748] [INFO] - org.springframework.context.support.PostProcessorRegistrationDelegate$BeanPostProcessorChecker.postProcessAfterInitialization(PostProcessorRegistrationDelegate.java:376) - Bean 'org.springframework.cloud.client.loadbalancer.reactive.LoadBalancerBeanPostProcessorAutoConfiguration' of type [org.springframework.cloud.client.loadbalancer.reactive.LoadBalancerBeanPostProcessorAutoConfiguration] is not eligible for getting processed by all BeanPostProcessors (for example: not eligible for auto-proxying)
[17:53:09:749] [INFO] - org.springframework.context.support.PostProcessorRegistrationDelegate$BeanPostProcessorChecker.postProcessAfterInitialization(PostProcessorRegistrationDelegate.java:376) - Bean 'org.springframework.cloud.client.loadbalancer.reactive.LoadBalancerBeanPostProcessorAutoConfiguration$ReactorDeferringLoadBalancerFilterConfig' of type [org.springframework.cloud.client.loadbalancer.reactive.LoadBalancerBeanPostProcessorAutoConfiguration$ReactorDeferringLoadBalancerFilterConfig] is not eligible for getting processed by all BeanPostProcessors (for example: not eligible for auto-proxying)
[17:53:09:750] [INFO] - org.springframework.context.support.PostProcessorRegistrationDelegate$BeanPostProcessorChecker.postProcessAfterInitialization(PostProcessorRegistrationDelegate.java:376) - Bean 'reactorDeferringLoadBalancerExchangeFilterFunction' of type [org.springframework.cloud.client.loadbalancer.reactive.DeferringLoadBalancerExchangeFilterFunction] is not eligible for getting processed by all BeanPostProcessors (for example: not eligible for auto-proxying)
[17:53:10:079] [INFO] - org.springframework.boot.web.embedded.tomcat.TomcatWebServer.initialize(TomcatWebServer.java:108) - Tomcat initialized with port(s): 8081 (http)
[17:53:10:090] [INFO] - org.apache.juli.logging.DirectJDKLog.log(DirectJDKLog.java:173) - Initializing ProtocolHandler ["http-nio-8081"]
[17:53:10:091] [INFO] - org.apache.juli.logging.DirectJDKLog.log(DirectJDKLog.java:173) - Starting service [Tomcat]
[17:53:10:091] [INFO] - org.apache.juli.logging.DirectJDKLog.log(DirectJDKLog.java:173) - Starting Servlet engine: [Apache Tomcat/9.0.65]
[17:53:10:157] [INFO] - org.apache.juli.logging.DirectJDKLog.log(DirectJDKLog.java:173) - Initializing Spring embedded WebApplicationContext
[17:53:10:158] [INFO] - org.springframework.boot.web.servlet.context.ServletWebServerApplicationContext.prepareWebApplicationContext(ServletWebServerApplicationContext.java:292) - Root WebApplicationContext: initialization completed in 2359 ms
[17:53:10:232] [INFO] - com.ulisesbocchio.jasyptspringboot.filter.DefaultLazyPropertyFilter.lambda$new$2(DefaultLazyPropertyFilter.java:45) - Property Filter custom Bean not found with name 'encryptablePropertyFilter'. Initializing Default Property Filter
[17:53:10:244] [INFO] - com.ulisesbocchio.jasyptspringboot.resolver.DefaultLazyPropertyResolver.lambda$new$2(DefaultLazyPropertyResolver.java:46) - Property Resolver custom Bean not found with name 'encryptablePropertyResolver'. Initializing Default Property Resolver
[17:53:10:247] [INFO] - com.ulisesbocchio.jasyptspringboot.detector.DefaultLazyPropertyDetector.lambda$new$2(DefaultLazyPropertyDetector.java:44) - Property Detector custom Bean not found with name 'encryptablePropertyDetector'. Initializing Default Property Detector
[17:53:10:255] [INFO] - com.ulisesbocchio.jasyptspringboot.encryptor.DefaultLazyEncryptor.lambda$new$2(DefaultLazyEncryptor.java:46) - String Encryptor custom Bean not found with name 'jasyptStringEncryptor'. Initializing Default String Encryptor
[17:53:10:265] [INFO] - com.ulisesbocchio.jasyptspringboot.configuration.StringEncryptorBuilder.get(StringEncryptorBuilder.java:119) - Encryptor config not found for property jasypt.encryptor.key-obtention-iterations, using default value: 1000
[17:53:10:266] [INFO] - com.ulisesbocchio.jasyptspringboot.configuration.StringEncryptorBuilder.get(StringEncryptorBuilder.java:119) - Encryptor config not found for property jasypt.encryptor.pool-size, using default value: 1
[17:53:10:266] [INFO] - com.ulisesbocchio.jasyptspringboot.configuration.StringEncryptorBuilder.get(StringEncryptorBuilder.java:119) - Encryptor config not found for property jasypt.encryptor.provider-name, using default value: null
[17:53:10:268] [INFO] - com.ulisesbocchio.jasyptspringboot.configuration.StringEncryptorBuilder.get(StringEncryptorBuilder.java:119) - Encryptor config not found for property jasypt.encryptor.provider-class-name, using default value: null
[17:53:10:269] [INFO] - com.ulisesbocchio.jasyptspringboot.configuration.StringEncryptorBuilder.get(StringEncryptorBuilder.java:119) - Encryptor config not found for property jasypt.encryptor.salt-generator-classname, using default value: org.jasypt.salt.RandomSaltGenerator
[17:53:10:272] [INFO] - com.ulisesbocchio.jasyptspringboot.configuration.StringEncryptorBuilder.get(StringEncryptorBuilder.java:119) - Encryptor config not found for property jasypt.encryptor.string-output-type, using default value: base64
[17:53:10:382] [INFO] - com.zaxxer.hikari.HikariDataSource.getConnection(HikariDataSource.java:110) - HikariPool-1 - Starting...
[17:53:10:724] [INFO] - com.zaxxer.hikari.HikariDataSource.getConnection(HikariDataSource.java:123) - HikariPool-1 - Start completed.
[17:53:10:774] [INFO] - org.hibernate.jpa.internal.util.LogHelper.logPersistenceUnitInformation(LogHelper.java:31) - HHH000204: Processing PersistenceUnitInfo [name: default]
[17:53:10:892] [INFO] - org.hibernate.Version.logVersion(Version.java:44) - HHH000412: Hibernate ORM core version 5.6.10.Final
[17:53:11:194] [INFO] - org.hibernate.annotations.common.reflection.java.JavaReflectionManager.<clinit>(JavaReflectionManager.java:56) - HCANN000001: Hibernate Commons Annotations {5.1.2.Final}
[17:53:11:349] [INFO] - org.hibernate.dialect.Dialect.<init>(Dialect.java:175) - HHH000400: Using dialect: org.hibernate.dialect.MySQL57Dialect
[17:53:11:909] [INFO] - org.hibernate.engine.transaction.jta.platform.internal.JtaPlatformInitiator.initiateService(JtaPlatformInitiator.java:52) - HHH000490: Using JtaPlatform implementation: [org.hibernate.engine.transaction.jta.platform.internal.NoJtaPlatform]
[17:53:11:923] [INFO] - org.springframework.orm.jpa.AbstractEntityManagerFactoryBean.buildNativeEntityManagerFactory(AbstractEntityManagerFactoryBean.java:437) - Initialized JPA EntityManagerFactory for persistence unit 'default'
[17:53:12:257] [WARN] - org.springframework.boot.autoconfigure.orm.jpa.JpaBaseConfiguration$JpaWebConfiguration.openEntityManagerInViewInterceptor(JpaBaseConfiguration.java:219) - spring.jpa.open-in-view is enabled by default. Therefore, database queries may be performed during view rendering. Explicitly configure spring.jpa.open-in-view to disable this warning
[17:53:13:135] [WARN] - org.springframework.cloud.loadbalancer.config.LoadBalancerCacheAutoConfiguration$LoadBalancerCaffeineWarnLogger.logWarning(LoadBalancerCacheAutoConfiguration.java:82) - Spring Cloud LoadBalancer is currently working with the default cache. While this cache implementation is useful for development and tests, it's recommended to use Caffeine cache in production.You can switch to using Caffeine cache, by adding it and org.springframework.cache.caffeine.CaffeineCacheManager to the classpath.
[17:53:13:208] [INFO] - org.apache.juli.logging.DirectJDKLog.log(DirectJDKLog.java:173) - Starting ProtocolHandler ["http-nio-8081"]
[17:53:13:219] [INFO] - org.springframework.boot.web.embedded.tomcat.TomcatWebServer.start(TomcatWebServer.java:220) - Tomcat started on port(s): 8081 (http) with context path ''
[17:53:13:220] [INFO] - com.ulisesbocchio.jasyptspringboot.caching.RefreshScopeRefreshedEventListener.onApplicationEvent(RefreshScopeRefreshedEventListener.java:70) - Refreshing cached encryptable property sources on ServletWebServerInitializedEvent
[17:53:13:221] [INFO] - com.ulisesbocchio.jasyptspringboot.caching.CachingDelegateEncryptablePropertySource.refresh(CachingDelegateEncryptablePropertySource.java:92) - Property Source systemProperties refreshed
[17:53:13:221] [INFO] - com.ulisesbocchio.jasyptspringboot.caching.CachingDelegateEncryptablePropertySource.refresh(CachingDelegateEncryptablePropertySource.java:92) - Property Source systemEnvironment refreshed
[17:53:13:221] [INFO] - com.ulisesbocchio.jasyptspringboot.caching.CachingDelegateEncryptablePropertySource.refresh(CachingDelegateEncryptablePropertySource.java:92) - Property Source random refreshed
[17:53:13:221] [INFO] - com.ulisesbocchio.jasyptspringboot.caching.CachingDelegateEncryptablePropertySource.refresh(CachingDelegateEncryptablePropertySource.java:92) - Property Source cachedrandom refreshed
[17:53:13:221] [INFO] - com.ulisesbocchio.jasyptspringboot.caching.CachingDelegateEncryptablePropertySource.refresh(CachingDelegateEncryptablePropertySource.java:92) - Property Source springCloudClientHostInfo refreshed
[17:53:13:221] [INFO] - com.ulisesbocchio.jasyptspringboot.caching.CachingDelegateEncryptablePropertySource.refresh(CachingDelegateEncryptablePropertySource.java:92) - Property Source Config resource 'class path resource [application.yml]' via location 'optional:classpath:/' refreshed
[17:53:13:221] [INFO] - com.ulisesbocchio.jasyptspringboot.EncryptablePropertySourceConverter.makeEncryptable(EncryptablePropertySourceConverter.java:105) - Skipping PropertySource configurationProperties [class org.springframework.boot.context.properties.source.ConfigurationPropertySourcesPropertySource
[17:53:13:221] [INFO] - com.ulisesbocchio.jasyptspringboot.EncryptablePropertySourceConverter.makeEncryptable(EncryptablePropertySourceConverter.java:105) - Skipping PropertySource servletConfigInitParams [class org.springframework.core.env.PropertySource$StubPropertySource
[17:53:13:222] [INFO] - com.ulisesbocchio.jasyptspringboot.EncryptablePropertySourceConverter.makeEncryptable(EncryptablePropertySourceConverter.java:110) - Converting PropertySource servletContextInitParams [org.springframework.web.context.support.ServletContextPropertySource] to EncryptableEnumerablePropertySourceWrapper
[17:53:13:445] [INFO] - org.springframework.boot.StartupInfoLogger.logStarted(StartupInfoLogger.java:61) - Started FhDemoApplication in 6.206 seconds (JVM running for 7.486)
[17:53:23:215] [INFO] - org.apache.juli.logging.DirectJDKLog.log(DirectJDKLog.java:173) - Initializing Spring DispatcherServlet 'dispatcherServlet'
[17:53:23:215] [INFO] - org.springframework.web.servlet.FrameworkServlet.initServletBean(FrameworkServlet.java:525) - Initializing Servlet 'dispatcherServlet'
[17:53:23:216] [INFO] - org.springframework.web.servlet.FrameworkServlet.initServletBean(FrameworkServlet.java:547) - Completed initialization in 1 ms
[17:53:23:242] [INFO] - com.example.fhdemo.trtc.QueryMsgController.getUserSig(QueryMsgController.java:65) - usersig==>>:
eJyrVgrxCdZLrSjILEpVsjI0NTU1MgACHbBwWWqRkpWSkZ6BEoRfnJKdWFCQmQJUaGJgYGZobGhhBpHJTEnNK8lMywRrKEuOL64sLknNhWnLTAeKapenGkWZeVVUWaZ6hblHOUeVFiW7pmn7p7mkBbibRvkkGhgG*iaFp1qYRNpCNZZk5oIcZWZubGJsYGFgXAsAP60yvA__
[17:53:24:795] [INFO] - com.example.fhdemo.trtc.QueryMsgController.getRoamMsg(QueryMsgController.java:58) - msg:{"ActionStatus":"OK","ErrorInfo":"","ErrorCode":0,"Complete":1,"MsgCnt":0,"MsgList":[]}
[17:53:56:252] [INFO] - org.springframework.orm.jpa.AbstractEntityManagerFactoryBean.destroy(AbstractEntityManagerFactoryBean.java:651) - Closing JPA EntityManagerFactory for persistence unit 'default'
[17:53:56:271] [INFO] - com.zaxxer.hikari.HikariDataSource.close(HikariDataSource.java:350) - HikariPool-1 - Shutdown initiated...
[17:53:56:278] [INFO] - com.zaxxer.hikari.HikariDataSource.close(HikariDataSource.java:352) - HikariPool-1 - Shutdown completed.
[17:54:04:684] [INFO] - org.springframework.boot.StartupInfoLogger.logStarting(StartupInfoLogger.java:55) - Starting FhDemoApplication using Java 17.0.3.1 on zhanglei with PID 14868 (D:\IdeaProject\fh-demo\target\classes started by EDY in D:\IdeaProject\fh-demo)
[17:54:04:691] [INFO] - org.springframework.boot.SpringApplication.logStartupProfileInfo(SpringApplication.java:634) - No active profile set, falling back to 1 default profile: "default"
[17:54:05:369] [INFO] - org.springframework.data.repository.config.RepositoryConfigurationDelegate.multipleStoresDetected(RepositoryConfigurationDelegate.java:262) - Multiple Spring Data modules found, entering strict repository configuration mode
[17:54:05:370] [INFO] - org.springframework.data.repository.config.RepositoryConfigurationDelegate.registerRepositoriesIn(RepositoryConfigurationDelegate.java:132) - Bootstrapping Spring Data JPA repositories in DEFAULT mode.
[17:54:05:572] [INFO] - org.springframework.data.repository.config.RepositoryConfigurationDelegate.registerRepositoriesIn(RepositoryConfigurationDelegate.java:201) - Finished Spring Data repository scanning in 195 ms. Found 1 JPA repository interfaces.
[17:54:05:585] [INFO] - org.springframework.data.repository.config.RepositoryConfigurationDelegate.multipleStoresDetected(RepositoryConfigurationDelegate.java:262) - Multiple Spring Data modules found, entering strict repository configuration mode
[17:54:05:587] [INFO] - org.springframework.data.repository.config.RepositoryConfigurationDelegate.registerRepositoriesIn(RepositoryConfigurationDelegate.java:132) - Bootstrapping Spring Data Redis repositories in DEFAULT mode.
[17:54:05:601] [INFO] - org.springframework.data.repository.config.RepositoryConfigurationExtensionSupport.isStrictRepositoryCandidate(RepositoryConfigurationExtensionSupport.java:349) - Spring Data Redis - Could not safely identify store assignment for repository candidate interface com.example.fhdemo.cache.ItemRepository; If you want this repository to be a Redis repository, consider annotating your entities with one of these annotations: org.springframework.data.redis.core.RedisHash (preferred), or consider extending one of the following types with your repository: org.springframework.data.keyvalue.repository.KeyValueRepository
[17:54:05:601] [INFO] - org.springframework.data.repository.config.RepositoryConfigurationDelegate.registerRepositoriesIn(RepositoryConfigurationDelegate.java:201) - Finished Spring Data repository scanning in 5 ms. Found 0 Redis repository interfaces.
[17:54:05:776] [INFO] - org.springframework.cloud.context.scope.GenericScope.setSerializationId(GenericScope.java:283) - BeanFactory id=45c5d0c7-6000-37a4-9f75-10e90098fba1
[17:54:05:847] [INFO] - com.ulisesbocchio.jasyptspringboot.configuration.EnableEncryptablePropertiesBeanFactoryPostProcessor.postProcessBeanFactory(EnableEncryptablePropertiesBeanFactoryPostProcessor.java:44) - Post-processing PropertySource instances
[17:54:05:849] [INFO] - com.ulisesbocchio.jasyptspringboot.EncryptablePropertySourceConverter.makeEncryptable(EncryptablePropertySourceConverter.java:105) - Skipping PropertySource configurationProperties [class org.springframework.boot.context.properties.source.ConfigurationPropertySourcesPropertySource
[17:54:05:849] [INFO] - com.ulisesbocchio.jasyptspringboot.EncryptablePropertySourceConverter.makeEncryptable(EncryptablePropertySourceConverter.java:105) - Skipping PropertySource servletConfigInitParams [class org.springframework.core.env.PropertySource$StubPropertySource
[17:54:05:850] [INFO] - com.ulisesbocchio.jasyptspringboot.EncryptablePropertySourceConverter.makeEncryptable(EncryptablePropertySourceConverter.java:105) - Skipping PropertySource servletContextInitParams [class org.springframework.core.env.PropertySource$StubPropertySource
[17:54:05:851] [INFO] - com.ulisesbocchio.jasyptspringboot.EncryptablePropertySourceConverter.makeEncryptable(EncryptablePropertySourceConverter.java:110) - Converting PropertySource systemProperties [org.springframework.core.env.PropertiesPropertySource] to EncryptableMapPropertySourceWrapper
[17:54:05:852] [INFO] - com.ulisesbocchio.jasyptspringboot.EncryptablePropertySourceConverter.makeEncryptable(EncryptablePropertySourceConverter.java:110) - Converting PropertySource systemEnvironment [org.springframework.boot.env.SystemEnvironmentPropertySourceEnvironmentPostProcessor$OriginAwareSystemEnvironmentPropertySource] to EncryptableSystemEnvironmentPropertySourceWrapper
[17:54:05:853] [INFO] - com.ulisesbocchio.jasyptspringboot.EncryptablePropertySourceConverter.makeEncryptable(EncryptablePropertySourceConverter.java:110) - Converting PropertySource random [org.springframework.boot.env.RandomValuePropertySource] to EncryptablePropertySourceWrapper
[17:54:05:853] [INFO] - com.ulisesbocchio.jasyptspringboot.EncryptablePropertySourceConverter.makeEncryptable(EncryptablePropertySourceConverter.java:110) - Converting PropertySource cachedrandom [org.springframework.cloud.util.random.CachedRandomPropertySource] to EncryptablePropertySourceWrapper
[17:54:05:853] [INFO] - com.ulisesbocchio.jasyptspringboot.EncryptablePropertySourceConverter.makeEncryptable(EncryptablePropertySourceConverter.java:110) - Converting PropertySource springCloudClientHostInfo [org.springframework.core.env.MapPropertySource] to EncryptableMapPropertySourceWrapper
[17:54:05:854] [INFO] - com.ulisesbocchio.jasyptspringboot.EncryptablePropertySourceConverter.makeEncryptable(EncryptablePropertySourceConverter.java:110) - Converting PropertySource Config resource 'class path resource [application.yml]' via location 'optional:classpath:/' [org.springframework.boot.env.OriginTrackedMapPropertySource] to EncryptableMapPropertySourceWrapper
[17:54:05:929] [INFO] - org.springframework.context.support.PostProcessorRegistrationDelegate$BeanPostProcessorChecker.postProcessAfterInitialization(PostProcessorRegistrationDelegate.java:376) - Bean 'org.springframework.cloud.client.loadbalancer.reactive.LoadBalancerBeanPostProcessorAutoConfiguration' of type [org.springframework.cloud.client.loadbalancer.reactive.LoadBalancerBeanPostProcessorAutoConfiguration] is not eligible for getting processed by all BeanPostProcessors (for example: not eligible for auto-proxying)
[17:54:05:930] [INFO] - org.springframework.context.support.PostProcessorRegistrationDelegate$BeanPostProcessorChecker.postProcessAfterInitialization(PostProcessorRegistrationDelegate.java:376) - Bean 'org.springframework.cloud.client.loadbalancer.reactive.LoadBalancerBeanPostProcessorAutoConfiguration$ReactorDeferringLoadBalancerFilterConfig' of type [org.springframework.cloud.client.loadbalancer.reactive.LoadBalancerBeanPostProcessorAutoConfiguration$ReactorDeferringLoadBalancerFilterConfig] is not eligible for getting processed by all BeanPostProcessors (for example: not eligible for auto-proxying)
[17:54:05:931] [INFO] - org.springframework.context.support.PostProcessorRegistrationDelegate$BeanPostProcessorChecker.postProcessAfterInitialization(PostProcessorRegistrationDelegate.java:376) - Bean 'reactorDeferringLoadBalancerExchangeFilterFunction' of type [org.springframework.cloud.client.loadbalancer.reactive.DeferringLoadBalancerExchangeFilterFunction] is not eligible for getting processed by all BeanPostProcessors (for example: not eligible for auto-proxying)
[17:54:06:120] [INFO] - org.springframework.boot.web.embedded.tomcat.TomcatWebServer.initialize(TomcatWebServer.java:108) - Tomcat initialized with port(s): 8081 (http)
[17:54:06:128] [INFO] - org.apache.juli.logging.DirectJDKLog.log(DirectJDKLog.java:173) - Initializing ProtocolHandler ["http-nio-8081"]
[17:54:06:130] [INFO] - org.apache.juli.logging.DirectJDKLog.log(DirectJDKLog.java:173) - Starting service [Tomcat]
[17:54:06:130] [INFO] - org.apache.juli.logging.DirectJDKLog.log(DirectJDKLog.java:173) - Starting Servlet engine: [Apache Tomcat/9.0.65]
[17:54:06:189] [INFO] - org.apache.juli.logging.DirectJDKLog.log(DirectJDKLog.java:173) - Initializing Spring embedded WebApplicationContext
[17:54:06:189] [INFO] - org.springframework.boot.web.servlet.context.ServletWebServerApplicationContext.prepareWebApplicationContext(ServletWebServerApplicationContext.java:292) - Root WebApplicationContext: initialization completed in 1463 ms
[17:54:06:232] [INFO] - com.ulisesbocchio.jasyptspringboot.filter.DefaultLazyPropertyFilter.lambda$new$2(DefaultLazyPropertyFilter.java:45) - Property Filter custom Bean not found with name 'encryptablePropertyFilter'. Initializing Default Property Filter
[17:54:06:241] [INFO] - com.ulisesbocchio.jasyptspringboot.resolver.DefaultLazyPropertyResolver.lambda$new$2(DefaultLazyPropertyResolver.java:46) - Property Resolver custom Bean not found with name 'encryptablePropertyResolver'. Initializing Default Property Resolver
[17:54:06:242] [INFO] - com.ulisesbocchio.jasyptspringboot.detector.DefaultLazyPropertyDetector.lambda$new$2(DefaultLazyPropertyDetector.java:44) - Property Detector custom Bean not found with name 'encryptablePropertyDetector'. Initializing Default Property Detector
[17:54:06:249] [INFO] - com.ulisesbocchio.jasyptspringboot.encryptor.DefaultLazyEncryptor.lambda$new$2(DefaultLazyEncryptor.java:46) - String Encryptor custom Bean not found with name 'jasyptStringEncryptor'. Initializing Default String Encryptor
[17:54:06:258] [INFO] - com.ulisesbocchio.jasyptspringboot.configuration.StringEncryptorBuilder.get(StringEncryptorBuilder.java:119) - Encryptor config not found for property jasypt.encryptor.key-obtention-iterations, using default value: 1000
[17:54:06:259] [INFO] - com.ulisesbocchio.jasyptspringboot.configuration.StringEncryptorBuilder.get(StringEncryptorBuilder.java:119) - Encryptor config not found for property jasypt.encryptor.pool-size, using default value: 1
[17:54:06:259] [INFO] - com.ulisesbocchio.jasyptspringboot.configuration.StringEncryptorBuilder.get(StringEncryptorBuilder.java:119) - Encryptor config not found for property jasypt.encryptor.provider-name, using default value: null
[17:54:06:260] [INFO] - com.ulisesbocchio.jasyptspringboot.configuration.StringEncryptorBuilder.get(StringEncryptorBuilder.java:119) - Encryptor config not found for property jasypt.encryptor.provider-class-name, using default value: null
[17:54:06:260] [INFO] - com.ulisesbocchio.jasyptspringboot.configuration.StringEncryptorBuilder.get(StringEncryptorBuilder.java:119) - Encryptor config not found for property jasypt.encryptor.salt-generator-classname, using default value: org.jasypt.salt.RandomSaltGenerator
[17:54:06:262] [INFO] - com.ulisesbocchio.jasyptspringboot.configuration.StringEncryptorBuilder.get(StringEncryptorBuilder.java:119) - Encryptor config not found for property jasypt.encryptor.string-output-type, using default value: base64
[17:54:06:328] [INFO] - com.zaxxer.hikari.HikariDataSource.getConnection(HikariDataSource.java:110) - HikariPool-1 - Starting...
[17:54:06:620] [INFO] - com.zaxxer.hikari.HikariDataSource.getConnection(HikariDataSource.java:123) - HikariPool-1 - Start completed.
[17:54:06:655] [INFO] - org.hibernate.jpa.internal.util.LogHelper.logPersistenceUnitInformation(LogHelper.java:31) - HHH000204: Processing PersistenceUnitInfo [name: default]
[17:54:06:693] [INFO] - org.hibernate.Version.logVersion(Version.java:44) - HHH000412: Hibernate ORM core version 5.6.10.Final
[17:54:06:816] [INFO] - org.hibernate.annotations.common.reflection.java.JavaReflectionManager.<clinit>(JavaReflectionManager.java:56) - HCANN000001: Hibernate Commons Annotations {5.1.2.Final}
[17:54:06:936] [INFO] - org.hibernate.dialect.Dialect.<init>(Dialect.java:175) - HHH000400: Using dialect: org.hibernate.dialect.MySQL57Dialect
[17:54:07:344] [INFO] - org.hibernate.engine.transaction.jta.platform.internal.JtaPlatformInitiator.initiateService(JtaPlatformInitiator.java:52) - HHH000490: Using JtaPlatform implementation: [org.hibernate.engine.transaction.jta.platform.internal.NoJtaPlatform]
[17:54:07:352] [INFO] - org.springframework.orm.jpa.AbstractEntityManagerFactoryBean.buildNativeEntityManagerFactory(AbstractEntityManagerFactoryBean.java:437) - Initialized JPA EntityManagerFactory for persistence unit 'default'
[17:54:07:646] [WARN] - org.springframework.boot.autoconfigure.orm.jpa.JpaBaseConfiguration$JpaWebConfiguration.openEntityManagerInViewInterceptor(JpaBaseConfiguration.java:219) - spring.jpa.open-in-view is enabled by default. Therefore, database queries may be performed during view rendering. Explicitly configure spring.jpa.open-in-view to disable this warning
[17:54:08:560] [WARN] - org.springframework.cloud.loadbalancer.config.LoadBalancerCacheAutoConfiguration$LoadBalancerCaffeineWarnLogger.logWarning(LoadBalancerCacheAutoConfiguration.java:82) - Spring Cloud LoadBalancer is currently working with the default cache. While this cache implementation is useful for development and tests, it's recommended to use Caffeine cache in production.You can switch to using Caffeine cache, by adding it and org.springframework.cache.caffeine.CaffeineCacheManager to the classpath.
[17:54:08:638] [INFO] - org.apache.juli.logging.DirectJDKLog.log(DirectJDKLog.java:173) - Starting ProtocolHandler ["http-nio-8081"]
[17:54:08:647] [INFO] - org.springframework.boot.web.embedded.tomcat.TomcatWebServer.start(TomcatWebServer.java:220) - Tomcat started on port(s): 8081 (http) with context path ''
[17:54:08:649] [INFO] - com.ulisesbocchio.jasyptspringboot.caching.RefreshScopeRefreshedEventListener.onApplicationEvent(RefreshScopeRefreshedEventListener.java:70) - Refreshing cached encryptable property sources on ServletWebServerInitializedEvent
[17:54:08:649] [INFO] - com.ulisesbocchio.jasyptspringboot.caching.CachingDelegateEncryptablePropertySource.refresh(CachingDelegateEncryptablePropertySource.java:92) - Property Source systemProperties refreshed
[17:54:08:649] [INFO] - com.ulisesbocchio.jasyptspringboot.caching.CachingDelegateEncryptablePropertySource.refresh(CachingDelegateEncryptablePropertySource.java:92) - Property Source systemEnvironment refreshed
[17:54:08:649] [INFO] - com.ulisesbocchio.jasyptspringboot.caching.CachingDelegateEncryptablePropertySource.refresh(CachingDelegateEncryptablePropertySource.java:92) - Property Source random refreshed
[17:54:08:650] [INFO] - com.ulisesbocchio.jasyptspringboot.caching.CachingDelegateEncryptablePropertySource.refresh(CachingDelegateEncryptablePropertySource.java:92) - Property Source cachedrandom refreshed
[17:54:08:650] [INFO] - com.ulisesbocchio.jasyptspringboot.caching.CachingDelegateEncryptablePropertySource.refresh(CachingDelegateEncryptablePropertySource.java:92) - Property Source springCloudClientHostInfo refreshed
[17:54:08:650] [INFO] - com.ulisesbocchio.jasyptspringboot.caching.CachingDelegateEncryptablePropertySource.refresh(CachingDelegateEncryptablePropertySource.java:92) - Property Source Config resource 'class path resource [application.yml]' via location 'optional:classpath:/' refreshed
[17:54:08:650] [INFO] - com.ulisesbocchio.jasyptspringboot.EncryptablePropertySourceConverter.makeEncryptable(EncryptablePropertySourceConverter.java:105) - Skipping PropertySource configurationProperties [class org.springframework.boot.context.properties.source.ConfigurationPropertySourcesPropertySource
[17:54:08:650] [INFO] - com.ulisesbocchio.jasyptspringboot.EncryptablePropertySourceConverter.makeEncryptable(EncryptablePropertySourceConverter.java:105) - Skipping PropertySource servletConfigInitParams [class org.springframework.core.env.PropertySource$StubPropertySource
[17:54:08:651] [INFO] - com.ulisesbocchio.jasyptspringboot.EncryptablePropertySourceConverter.makeEncryptable(EncryptablePropertySourceConverter.java:110) - Converting PropertySource servletContextInitParams [org.springframework.web.context.support.ServletContextPropertySource] to EncryptableEnumerablePropertySourceWrapper
[17:54:08:903] [INFO] - org.springframework.boot.StartupInfoLogger.logStarted(StartupInfoLogger.java:61) - Started FhDemoApplication in 4.735 seconds (JVM running for 5.971)
[17:54:13:274] [INFO] - org.apache.juli.logging.DirectJDKLog.log(DirectJDKLog.java:173) - Initializing Spring DispatcherServlet 'dispatcherServlet'
[17:54:13:274] [INFO] - org.springframework.web.servlet.FrameworkServlet.initServletBean(FrameworkServlet.java:525) - Initializing Servlet 'dispatcherServlet'
[17:54:13:276] [INFO] - org.springframework.web.servlet.FrameworkServlet.initServletBean(FrameworkServlet.java:547) - Completed initialization in 1 ms
[17:54:13:299] [INFO] - com.example.fhdemo.trtc.QueryMsgController.getUserSig(QueryMsgController.java:65) - usersig==>>:
eJyrVgrxCdZLrSjILEpVsjI0NTU1MgACHbBwWWqRkpWSkZ6BEoRfnJKdWFCQmQJUaGJgYGZobGhhBpHJTEnNK8lMywRrKEuOL64sLknNhWnLTAeK5pmXhmcke1jmagfkuIT7BySahXgau3vke4dFmmWke-lYZpb5F6Ra5KeXh9pCNZZk5oIcZWZubGJsYGFqXAsAUTEzZw__
[17:54:14:745] [INFO] - com.example.fhdemo.trtc.QueryMsgController.getRoamMsg(QueryMsgController.java:58) - msg:{"ActionStatus":"OK","ErrorInfo":"","ErrorCode":0,"Complete":1,"MsgCnt":0,"MsgList":[]}
