[11:50:54:697] [INFO] - org.springframework.boot.StartupInfoLogger.logStarting(StartupInfoLogger.java:55) - Starting FhDemoApplication using Java 17.0.3.1 on zhanglei with PID 17812 (D:\IdeaProject\fh-demo\target\classes started by EDY in D:\IdeaProject\fh-demo)
[11:50:54:930] [INFO] - org.springframework.boot.SpringApplication.logStartupProfileInfo(SpringApplication.java:634) - No active profile set, falling back to 1 default profile: "default"
[11:50:59:082] [INFO] - org.springframework.data.repository.config.RepositoryConfigurationDelegate.multipleStoresDetected(RepositoryConfigurationDelegate.java:262) - Multiple Spring Data modules found, entering strict repository configuration mode
[11:50:59:083] [INFO] - org.springframework.data.repository.config.RepositoryConfigurationDelegate.registerRepositoriesIn(RepositoryConfigurationDelegate.java:132) - Bootstrapping Spring Data JPA repositories in DEFAULT mode.
[11:50:59:531] [INFO] - org.springframework.data.repository.config.RepositoryConfigurationDelegate.registerRepositoriesIn(RepositoryConfigurationDelegate.java:201) - Finished Spring Data repository scanning in 438 ms. Found 1 JPA repository interfaces.
[11:50:59:574] [INFO] - org.springframework.data.repository.config.RepositoryConfigurationDelegate.multipleStoresDetected(RepositoryConfigurationDelegate.java:262) - Multiple Spring Data modules found, entering strict repository configuration mode
[11:50:59:576] [INFO] - org.springframework.data.repository.config.RepositoryConfigurationDelegate.registerRepositoriesIn(RepositoryConfigurationDelegate.java:132) - Bootstrapping Spring Data Redis repositories in DEFAULT mode.
[11:50:59:594] [INFO] - org.springframework.data.repository.config.RepositoryConfigurationExtensionSupport.isStrictRepositoryCandidate(RepositoryConfigurationExtensionSupport.java:349) - Spring Data Redis - Could not safely identify store assignment for repository candidate interface com.example.fhdemo.cache.ItemRepository; If you want this repository to be a Redis repository, consider annotating your entities with one of these annotations: org.springframework.data.redis.core.RedisHash (preferred), or consider extending one of the following types with your repository: org.springframework.data.keyvalue.repository.KeyValueRepository
[11:50:59:594] [INFO] - org.springframework.data.repository.config.RepositoryConfigurationDelegate.registerRepositoriesIn(RepositoryConfigurationDelegate.java:201) - Finished Spring Data repository scanning in 7 ms. Found 0 Redis repository interfaces.
[11:51:00:458] [INFO] - org.springframework.boot.web.embedded.tomcat.TomcatWebServer.initialize(TomcatWebServer.java:108) - Tomcat initialized with port(s): 8899 (http)
[11:51:00:471] [INFO] - org.apache.juli.logging.DirectJDKLog.log(DirectJDKLog.java:173) - Initializing ProtocolHandler ["http-nio-8899"]
[11:51:00:472] [INFO] - org.apache.juli.logging.DirectJDKLog.log(DirectJDKLog.java:173) - Starting service [Tomcat]
[11:51:00:472] [INFO] - org.apache.juli.logging.DirectJDKLog.log(DirectJDKLog.java:173) - Starting Servlet engine: [Apache Tomcat/9.0.65]
[11:51:00:593] [INFO] - org.apache.juli.logging.DirectJDKLog.log(DirectJDKLog.java:173) - Initializing Spring embedded WebApplicationContext
[11:51:00:593] [INFO] - org.springframework.boot.web.servlet.context.ServletWebServerApplicationContext.prepareWebApplicationContext(ServletWebServerApplicationContext.java:292) - Root WebApplicationContext: initialization completed in 5488 ms
[11:51:00:808] [INFO] - com.zaxxer.hikari.HikariDataSource.getConnection(HikariDataSource.java:110) - HikariPool-1 - Starting...
[11:51:01:062] [INFO] - com.zaxxer.hikari.HikariDataSource.getConnection(HikariDataSource.java:123) - HikariPool-1 - Start completed.
[11:51:01:138] [INFO] - org.hibernate.jpa.internal.util.LogHelper.logPersistenceUnitInformation(LogHelper.java:31) - HHH000204: Processing PersistenceUnitInfo [name: default]
[11:51:01:358] [INFO] - org.hibernate.Version.logVersion(Version.java:44) - HHH000412: Hibernate ORM core version 5.6.10.Final
[11:51:01:939] [INFO] - org.hibernate.annotations.common.reflection.java.JavaReflectionManager.<clinit>(JavaReflectionManager.java:56) - HCANN000001: Hibernate Commons Annotations {5.1.2.Final}
[11:51:02:162] [INFO] - org.hibernate.dialect.Dialect.<init>(Dialect.java:175) - HHH000400: Using dialect: org.hibernate.dialect.H2Dialect
[11:51:02:695] [INFO] - org.hibernate.engine.transaction.jta.platform.internal.JtaPlatformInitiator.initiateService(JtaPlatformInitiator.java:52) - HHH000490: Using JtaPlatform implementation: [org.hibernate.engine.transaction.jta.platform.internal.NoJtaPlatform]
[11:51:02:701] [INFO] - org.springframework.orm.jpa.AbstractEntityManagerFactoryBean.buildNativeEntityManagerFactory(AbstractEntityManagerFactoryBean.java:437) - Initialized JPA EntityManagerFactory for persistence unit 'default'
[11:51:02:980] [WARN] - org.springframework.boot.autoconfigure.orm.jpa.JpaBaseConfiguration$JpaWebConfiguration.openEntityManagerInViewInterceptor(JpaBaseConfiguration.java:219) - spring.jpa.open-in-view is enabled by default. Therefore, database queries may be performed during view rendering. Explicitly configure spring.jpa.open-in-view to disable this warning
[11:51:04:450] [INFO] - org.apache.juli.logging.DirectJDKLog.log(DirectJDKLog.java:173) - Starting ProtocolHandler ["http-nio-8899"]
[11:51:04:464] [INFO] - org.springframework.boot.web.embedded.tomcat.TomcatWebServer.start(TomcatWebServer.java:220) - Tomcat started on port(s): 8899 (http) with context path ''
[11:51:04:478] [INFO] - org.springframework.boot.StartupInfoLogger.logStarted(StartupInfoLogger.java:61) - Started FhDemoApplication in 12.06 seconds (JVM running for 16.583)
[11:53:14:763] [INFO] - org.apache.juli.logging.DirectJDKLog.log(DirectJDKLog.java:173) - Initializing Spring DispatcherServlet 'dispatcherServlet'
[11:53:14:763] [INFO] - org.springframework.web.servlet.FrameworkServlet.initServletBean(FrameworkServlet.java:525) - Initializing Servlet 'dispatcherServlet'
[11:53:14:764] [INFO] - org.springframework.web.servlet.FrameworkServlet.initServletBean(FrameworkServlet.java:547) - Completed initialization in 0 ms
[11:53:14:875] [INFO] - com.example.fhdemo.trtc.QueryMsgController.getUserSig(QueryMsgController.java:65) - usersig==>>:
eJyrVgrxCdZLrSjILEpVsjI0NTU1MgACHbBwWWqRkpWSkZ6BEoRfnJKdWFCQmQJUaGJgYGxsampsCZHJTEnNK8lMywRrKEuOL64sLknNhWnLTAeKRmZmeKS5epa6uCa6auc5BXhZemc7pQR5GyZ6eWeZapeF*ZnkZZQ7GXhaGNhCNZZk5oIcZWZmampiZm5pUgsAM*IyfA__
[11:53:15:513] [INFO] - com.example.fhdemo.trtc.QueryMsgController.getRoamMsg(QueryMsgController.java:58) - msg:{"ActionStatus":"OK","ErrorInfo":"","ErrorCode":0,"Complete":1,"MsgCnt":0,"MsgList":[]}
