[11:44:29:248] [INFO] - org.springframework.boot.StartupInfoLogger.logStarting(StartupInfoLogger.java:55) - Starting FhDemoApplication using Java 17.0.3.1 on zhanglei with PID 6772 (D:\IdeaProject\fh-demo\target\classes started by EDY in D:\IdeaProject\fh-demo)
[11:44:29:261] [INFO] - org.springframework.boot.SpringApplication.logStartupProfileInfo(SpringApplication.java:634) - No active profile set, falling back to 1 default profile: "default"
[11:44:31:029] [INFO] - org.springframework.data.repository.config.RepositoryConfigurationDelegate.multipleStoresDetected(RepositoryConfigurationDelegate.java:262) - Multiple Spring Data modules found, entering strict repository configuration mode
[11:44:31:030] [INFO] - org.springframework.data.repository.config.RepositoryConfigurationDelegate.registerRepositoriesIn(RepositoryConfigurationDelegate.java:132) - Bootstrapping Spring Data JPA repositories in DEFAULT mode.
[11:44:31:319] [INFO] - org.springframework.data.repository.config.RepositoryConfigurationDelegate.registerRepositoriesIn(RepositoryConfigurationDelegate.java:201) - Finished Spring Data repository scanning in 280 ms. Found 1 JPA repository interfaces.
[11:44:31:346] [INFO] - org.springframework.data.repository.config.RepositoryConfigurationDelegate.multipleStoresDetected(RepositoryConfigurationDelegate.java:262) - Multiple Spring Data modules found, entering strict repository configuration mode
[11:44:31:347] [INFO] - org.springframework.data.repository.config.RepositoryConfigurationDelegate.registerRepositoriesIn(RepositoryConfigurationDelegate.java:132) - Bootstrapping Spring Data Redis repositories in DEFAULT mode.
[11:44:31:361] [INFO] - org.springframework.data.repository.config.RepositoryConfigurationExtensionSupport.isStrictRepositoryCandidate(RepositoryConfigurationExtensionSupport.java:349) - Spring Data Redis - Could not safely identify store assignment for repository candidate interface com.example.fhdemo.cache.ItemRepository; If you want this repository to be a Redis repository, consider annotating your entities with one of these annotations: org.springframework.data.redis.core.RedisHash (preferred), or consider extending one of the following types with your repository: org.springframework.data.keyvalue.repository.KeyValueRepository
[11:44:31:362] [INFO] - org.springframework.data.repository.config.RepositoryConfigurationDelegate.registerRepositoriesIn(RepositoryConfigurationDelegate.java:201) - Finished Spring Data repository scanning in 5 ms. Found 0 Redis repository interfaces.
[11:44:31:914] [INFO] - org.springframework.boot.web.embedded.tomcat.TomcatWebServer.initialize(TomcatWebServer.java:108) - Tomcat initialized with port(s): 8081 (http)
[11:44:31:923] [INFO] - org.apache.juli.logging.DirectJDKLog.log(DirectJDKLog.java:173) - Initializing ProtocolHandler ["http-nio-8081"]
[11:44:31:924] [INFO] - org.apache.juli.logging.DirectJDKLog.log(DirectJDKLog.java:173) - Starting service [Tomcat]
[11:44:31:924] [INFO] - org.apache.juli.logging.DirectJDKLog.log(DirectJDKLog.java:173) - Starting Servlet engine: [Apache Tomcat/9.0.65]
[11:44:32:025] [INFO] - org.apache.juli.logging.DirectJDKLog.log(DirectJDKLog.java:173) - Initializing Spring embedded WebApplicationContext
[11:44:32:025] [INFO] - org.springframework.boot.web.servlet.context.ServletWebServerApplicationContext.prepareWebApplicationContext(ServletWebServerApplicationContext.java:292) - Root WebApplicationContext: initialization completed in 2633 ms
[11:44:32:204] [INFO] - com.zaxxer.hikari.HikariDataSource.getConnection(HikariDataSource.java:110) - HikariPool-1 - Starting...
[11:44:32:409] [INFO] - com.zaxxer.hikari.HikariDataSource.getConnection(HikariDataSource.java:123) - HikariPool-1 - Start completed.
[11:44:32:499] [INFO] - org.hibernate.jpa.internal.util.LogHelper.logPersistenceUnitInformation(LogHelper.java:31) - HHH000204: Processing PersistenceUnitInfo [name: default]
[11:44:32:645] [INFO] - org.hibernate.Version.logVersion(Version.java:44) - HHH000412: Hibernate ORM core version 5.6.10.Final
[11:44:32:961] [INFO] - org.hibernate.annotations.common.reflection.java.JavaReflectionManager.<clinit>(JavaReflectionManager.java:56) - HCANN000001: Hibernate Commons Annotations {5.1.2.Final}
[11:44:33:092] [INFO] - org.hibernate.dialect.Dialect.<init>(Dialect.java:175) - HHH000400: Using dialect: org.hibernate.dialect.H2Dialect
[11:44:33:763] [INFO] - org.hibernate.engine.transaction.jta.platform.internal.JtaPlatformInitiator.initiateService(JtaPlatformInitiator.java:52) - HHH000490: Using JtaPlatform implementation: [org.hibernate.engine.transaction.jta.platform.internal.NoJtaPlatform]
[11:44:33:769] [INFO] - org.springframework.orm.jpa.AbstractEntityManagerFactoryBean.buildNativeEntityManagerFactory(AbstractEntityManagerFactoryBean.java:437) - Initialized JPA EntityManagerFactory for persistence unit 'default'
[11:44:34:119] [WARN] - org.springframework.boot.autoconfigure.orm.jpa.JpaBaseConfiguration$JpaWebConfiguration.openEntityManagerInViewInterceptor(JpaBaseConfiguration.java:219) - spring.jpa.open-in-view is enabled by default. Therefore, database queries may be performed during view rendering. Explicitly configure spring.jpa.open-in-view to disable this warning
[11:44:35:179] [INFO] - org.apache.juli.logging.DirectJDKLog.log(DirectJDKLog.java:173) - Starting ProtocolHandler ["http-nio-8081"]
[11:44:35:196] [INFO] - org.springframework.boot.web.embedded.tomcat.TomcatWebServer.start(TomcatWebServer.java:220) - Tomcat started on port(s): 8081 (http) with context path ''
[11:44:35:206] [INFO] - org.springframework.boot.StartupInfoLogger.logStarted(StartupInfoLogger.java:61) - Started FhDemoApplication in 6.653 seconds (JVM running for 10.259)
[11:49:46:592] [INFO] - org.apache.juli.logging.DirectJDKLog.log(DirectJDKLog.java:173) - Initializing Spring DispatcherServlet 'dispatcherServlet'
[11:49:46:593] [INFO] - org.springframework.web.servlet.FrameworkServlet.initServletBean(FrameworkServlet.java:525) - Initializing Servlet 'dispatcherServlet'
[11:49:46:594] [INFO] - org.springframework.web.servlet.FrameworkServlet.initServletBean(FrameworkServlet.java:547) - Completed initialization in 1 ms
[16:19:02:547] [INFO] - org.springframework.boot.StartupInfoLogger.logStarting(StartupInfoLogger.java:55) - Starting FhDemoApplication using Java 17.0.3.1 on zhanglei with PID 1552 (D:\IdeaProject\fh-demo\target\classes started by EDY in D:\IdeaProject\fh-demo)
[16:19:02:575] [INFO] - org.springframework.boot.SpringApplication.logStartupProfileInfo(SpringApplication.java:634) - No active profile set, falling back to 1 default profile: "default"
[16:19:03:366] [INFO] - org.springframework.data.repository.config.RepositoryConfigurationDelegate.multipleStoresDetected(RepositoryConfigurationDelegate.java:262) - Multiple Spring Data modules found, entering strict repository configuration mode
[16:19:03:367] [INFO] - org.springframework.data.repository.config.RepositoryConfigurationDelegate.registerRepositoriesIn(RepositoryConfigurationDelegate.java:132) - Bootstrapping Spring Data JPA repositories in DEFAULT mode.
[16:19:03:640] [INFO] - org.springframework.data.repository.config.RepositoryConfigurationDelegate.registerRepositoriesIn(RepositoryConfigurationDelegate.java:201) - Finished Spring Data repository scanning in 265 ms. Found 1 JPA repository interfaces.
[16:19:03:654] [INFO] - org.springframework.data.repository.config.RepositoryConfigurationDelegate.multipleStoresDetected(RepositoryConfigurationDelegate.java:262) - Multiple Spring Data modules found, entering strict repository configuration mode
[16:19:03:655] [INFO] - org.springframework.data.repository.config.RepositoryConfigurationDelegate.registerRepositoriesIn(RepositoryConfigurationDelegate.java:132) - Bootstrapping Spring Data Redis repositories in DEFAULT mode.
[16:19:03:667] [INFO] - org.springframework.data.repository.config.RepositoryConfigurationExtensionSupport.isStrictRepositoryCandidate(RepositoryConfigurationExtensionSupport.java:349) - Spring Data Redis - Could not safely identify store assignment for repository candidate interface com.example.fhdemo.cache.ItemRepository; If you want this repository to be a Redis repository, consider annotating your entities with one of these annotations: org.springframework.data.redis.core.RedisHash (preferred), or consider extending one of the following types with your repository: org.springframework.data.keyvalue.repository.KeyValueRepository
[16:19:03:667] [INFO] - org.springframework.data.repository.config.RepositoryConfigurationDelegate.registerRepositoriesIn(RepositoryConfigurationDelegate.java:201) - Finished Spring Data repository scanning in 5 ms. Found 0 Redis repository interfaces.
[16:19:04:151] [INFO] - org.springframework.boot.web.embedded.tomcat.TomcatWebServer.initialize(TomcatWebServer.java:108) - Tomcat initialized with port(s): 8081 (http)
[16:19:04:162] [INFO] - org.apache.juli.logging.DirectJDKLog.log(DirectJDKLog.java:173) - Initializing ProtocolHandler ["http-nio-8081"]
[16:19:04:163] [INFO] - org.apache.juli.logging.DirectJDKLog.log(DirectJDKLog.java:173) - Starting service [Tomcat]
[16:19:04:163] [INFO] - org.apache.juli.logging.DirectJDKLog.log(DirectJDKLog.java:173) - Starting Servlet engine: [Apache Tomcat/9.0.65]
[16:19:04:264] [INFO] - org.apache.juli.logging.DirectJDKLog.log(DirectJDKLog.java:173) - Initializing Spring embedded WebApplicationContext
[16:19:04:264] [INFO] - org.springframework.boot.web.servlet.context.ServletWebServerApplicationContext.prepareWebApplicationContext(ServletWebServerApplicationContext.java:292) - Root WebApplicationContext: initialization completed in 1637 ms
[16:19:04:379] [INFO] - com.zaxxer.hikari.HikariDataSource.getConnection(HikariDataSource.java:110) - HikariPool-1 - Starting...
[16:19:04:575] [INFO] - com.zaxxer.hikari.HikariDataSource.getConnection(HikariDataSource.java:123) - HikariPool-1 - Start completed.
[16:19:04:662] [INFO] - org.hibernate.jpa.internal.util.LogHelper.logPersistenceUnitInformation(LogHelper.java:31) - HHH000204: Processing PersistenceUnitInfo [name: default]
[16:19:04:824] [INFO] - org.hibernate.Version.logVersion(Version.java:44) - HHH000412: Hibernate ORM core version 5.6.10.Final
[16:19:05:162] [INFO] - org.hibernate.annotations.common.reflection.java.JavaReflectionManager.<clinit>(JavaReflectionManager.java:56) - HCANN000001: Hibernate Commons Annotations {5.1.2.Final}
[16:19:05:251] [INFO] - org.hibernate.dialect.Dialect.<init>(Dialect.java:175) - HHH000400: Using dialect: org.hibernate.dialect.H2Dialect
[16:19:05:964] [INFO] - org.hibernate.engine.transaction.jta.platform.internal.JtaPlatformInitiator.initiateService(JtaPlatformInitiator.java:52) - HHH000490: Using JtaPlatform implementation: [org.hibernate.engine.transaction.jta.platform.internal.NoJtaPlatform]
[16:19:05:972] [INFO] - org.springframework.orm.jpa.AbstractEntityManagerFactoryBean.buildNativeEntityManagerFactory(AbstractEntityManagerFactoryBean.java:437) - Initialized JPA EntityManagerFactory for persistence unit 'default'
[16:19:06:276] [WARN] - org.springframework.boot.autoconfigure.orm.jpa.JpaBaseConfiguration$JpaWebConfiguration.openEntityManagerInViewInterceptor(JpaBaseConfiguration.java:219) - spring.jpa.open-in-view is enabled by default. Therefore, database queries may be performed during view rendering. Explicitly configure spring.jpa.open-in-view to disable this warning
[16:19:07:209] [INFO] - org.apache.juli.logging.DirectJDKLog.log(DirectJDKLog.java:173) - Starting ProtocolHandler ["http-nio-8081"]
[16:19:07:228] [INFO] - org.springframework.boot.web.embedded.tomcat.TomcatWebServer.start(TomcatWebServer.java:220) - Tomcat started on port(s): 8081 (http) with context path ''
[16:19:07:238] [INFO] - org.springframework.boot.StartupInfoLogger.logStarted(StartupInfoLogger.java:61) - Started FhDemoApplication in 5.068 seconds (JVM running for 6.783)
[16:19:53:644] [INFO] - org.apache.juli.logging.DirectJDKLog.log(DirectJDKLog.java:173) - Initializing Spring DispatcherServlet 'dispatcherServlet'
[16:19:53:644] [INFO] - org.springframework.web.servlet.FrameworkServlet.initServletBean(FrameworkServlet.java:525) - Initializing Servlet 'dispatcherServlet'
[16:19:53:645] [INFO] - org.springframework.web.servlet.FrameworkServlet.initServletBean(FrameworkServlet.java:547) - Completed initialization in 1 ms
[16:25:37:707] [INFO] - org.springframework.boot.StartupInfoLogger.logStarting(StartupInfoLogger.java:55) - Starting FhDemoApplication using Java 17.0.3.1 on zhanglei with PID 21992 (D:\IdeaProject\fh-demo\target\classes started by EDY in D:\IdeaProject\fh-demo)
[16:25:37:714] [INFO] - org.springframework.boot.SpringApplication.logStartupProfileInfo(SpringApplication.java:634) - No active profile set, falling back to 1 default profile: "default"
[16:25:38:237] [INFO] - org.springframework.data.repository.config.RepositoryConfigurationDelegate.multipleStoresDetected(RepositoryConfigurationDelegate.java:262) - Multiple Spring Data modules found, entering strict repository configuration mode
[16:25:38:238] [INFO] - org.springframework.data.repository.config.RepositoryConfigurationDelegate.registerRepositoriesIn(RepositoryConfigurationDelegate.java:132) - Bootstrapping Spring Data JPA repositories in DEFAULT mode.
[16:25:38:428] [INFO] - org.springframework.data.repository.config.RepositoryConfigurationDelegate.registerRepositoriesIn(RepositoryConfigurationDelegate.java:201) - Finished Spring Data repository scanning in 183 ms. Found 1 JPA repository interfaces.
[16:25:38:440] [INFO] - org.springframework.data.repository.config.RepositoryConfigurationDelegate.multipleStoresDetected(RepositoryConfigurationDelegate.java:262) - Multiple Spring Data modules found, entering strict repository configuration mode
[16:25:38:441] [INFO] - org.springframework.data.repository.config.RepositoryConfigurationDelegate.registerRepositoriesIn(RepositoryConfigurationDelegate.java:132) - Bootstrapping Spring Data Redis repositories in DEFAULT mode.
[16:25:38:456] [INFO] - org.springframework.data.repository.config.RepositoryConfigurationExtensionSupport.isStrictRepositoryCandidate(RepositoryConfigurationExtensionSupport.java:349) - Spring Data Redis - Could not safely identify store assignment for repository candidate interface com.example.fhdemo.cache.ItemRepository; If you want this repository to be a Redis repository, consider annotating your entities with one of these annotations: org.springframework.data.redis.core.RedisHash (preferred), or consider extending one of the following types with your repository: org.springframework.data.keyvalue.repository.KeyValueRepository
[16:25:38:457] [INFO] - org.springframework.data.repository.config.RepositoryConfigurationDelegate.registerRepositoriesIn(RepositoryConfigurationDelegate.java:201) - Finished Spring Data repository scanning in 5 ms. Found 0 Redis repository interfaces.
[16:25:38:835] [INFO] - org.springframework.boot.web.embedded.tomcat.TomcatWebServer.initialize(TomcatWebServer.java:108) - Tomcat initialized with port(s): 8081 (http)
[16:25:38:842] [INFO] - org.apache.juli.logging.DirectJDKLog.log(DirectJDKLog.java:173) - Initializing ProtocolHandler ["http-nio-8081"]
[16:25:38:842] [INFO] - org.apache.juli.logging.DirectJDKLog.log(DirectJDKLog.java:173) - Starting service [Tomcat]
[16:25:38:842] [INFO] - org.apache.juli.logging.DirectJDKLog.log(DirectJDKLog.java:173) - Starting Servlet engine: [Apache Tomcat/9.0.65]
[16:25:38:940] [INFO] - org.apache.juli.logging.DirectJDKLog.log(DirectJDKLog.java:173) - Initializing Spring embedded WebApplicationContext
[16:25:38:941] [INFO] - org.springframework.boot.web.servlet.context.ServletWebServerApplicationContext.prepareWebApplicationContext(ServletWebServerApplicationContext.java:292) - Root WebApplicationContext: initialization completed in 1195 ms
[16:25:39:042] [INFO] - com.zaxxer.hikari.HikariDataSource.getConnection(HikariDataSource.java:110) - HikariPool-1 - Starting...
[16:25:39:148] [INFO] - com.zaxxer.hikari.HikariDataSource.getConnection(HikariDataSource.java:123) - HikariPool-1 - Start completed.
[16:25:39:192] [INFO] - org.hibernate.jpa.internal.util.LogHelper.logPersistenceUnitInformation(LogHelper.java:31) - HHH000204: Processing PersistenceUnitInfo [name: default]
[16:25:39:228] [INFO] - org.hibernate.Version.logVersion(Version.java:44) - HHH000412: Hibernate ORM core version 5.6.10.Final
[16:25:39:346] [INFO] - org.hibernate.annotations.common.reflection.java.JavaReflectionManager.<clinit>(JavaReflectionManager.java:56) - HCANN000001: Hibernate Commons Annotations {5.1.2.Final}
[16:25:39:431] [INFO] - org.hibernate.dialect.Dialect.<init>(Dialect.java:175) - HHH000400: Using dialect: org.hibernate.dialect.H2Dialect
[16:25:39:828] [INFO] - org.hibernate.engine.transaction.jta.platform.internal.JtaPlatformInitiator.initiateService(JtaPlatformInitiator.java:52) - HHH000490: Using JtaPlatform implementation: [org.hibernate.engine.transaction.jta.platform.internal.NoJtaPlatform]
[16:25:39:835] [INFO] - org.springframework.orm.jpa.AbstractEntityManagerFactoryBean.buildNativeEntityManagerFactory(AbstractEntityManagerFactoryBean.java:437) - Initialized JPA EntityManagerFactory for persistence unit 'default'
[16:25:40:074] [WARN] - org.springframework.boot.autoconfigure.orm.jpa.JpaBaseConfiguration$JpaWebConfiguration.openEntityManagerInViewInterceptor(JpaBaseConfiguration.java:219) - spring.jpa.open-in-view is enabled by default. Therefore, database queries may be performed during view rendering. Explicitly configure spring.jpa.open-in-view to disable this warning
[16:25:40:704] [INFO] - org.apache.juli.logging.DirectJDKLog.log(DirectJDKLog.java:173) - Starting ProtocolHandler ["http-nio-8081"]
[16:25:40:719] [INFO] - org.springframework.boot.web.embedded.tomcat.TomcatWebServer.start(TomcatWebServer.java:220) - Tomcat started on port(s): 8081 (http) with context path ''
[16:25:40:728] [INFO] - org.springframework.boot.StartupInfoLogger.logStarted(StartupInfoLogger.java:61) - Started FhDemoApplication in 3.266 seconds (JVM running for 4.416)
[16:29:14:993] [INFO] - org.apache.juli.logging.DirectJDKLog.log(DirectJDKLog.java:173) - Initializing Spring DispatcherServlet 'dispatcherServlet'
[16:29:14:993] [INFO] - org.springframework.web.servlet.FrameworkServlet.initServletBean(FrameworkServlet.java:525) - Initializing Servlet 'dispatcherServlet'
[16:29:14:994] [INFO] - org.springframework.web.servlet.FrameworkServlet.initServletBean(FrameworkServlet.java:547) - Completed initialization in 1 ms
[16:30:31:293] [WARN] - com.zaxxer.hikari.pool.HikariPool$HouseKeeper.run(HikariPool.java:788) - HikariPool-1 - Thread starvation or clock leap detected (housekeeper delta=1m21s993ms205µs700ns).
[16:35:14:994] [INFO] - org.springframework.orm.jpa.AbstractEntityManagerFactoryBean.destroy(AbstractEntityManagerFactoryBean.java:651) - Closing JPA EntityManagerFactory for persistence unit 'default'
[16:35:14:994] [INFO] - org.hibernate.tool.schema.internal.SchemaDropperImpl$DelayedDropActionImpl.perform(SchemaDropperImpl.java:538) - HHH000477: Starting delayed evictData of schema as part of SessionFactory shut-down'
[16:35:15:010] [INFO] - com.zaxxer.hikari.HikariDataSource.close(HikariDataSource.java:350) - HikariPool-1 - Shutdown initiated...
[16:35:15:012] [INFO] - com.zaxxer.hikari.HikariDataSource.close(HikariDataSource.java:352) - HikariPool-1 - Shutdown completed.
[16:35:21:601] [INFO] - org.springframework.boot.StartupInfoLogger.logStarting(StartupInfoLogger.java:55) - Starting FhDemoApplication using Java 17.0.3.1 on zhanglei with PID 1412 (D:\IdeaProject\fh-demo\target\classes started by EDY in D:\IdeaProject\fh-demo)
[16:35:21:609] [INFO] - org.springframework.boot.SpringApplication.logStartupProfileInfo(SpringApplication.java:634) - No active profile set, falling back to 1 default profile: "default"
[16:35:22:214] [INFO] - org.springframework.data.repository.config.RepositoryConfigurationDelegate.multipleStoresDetected(RepositoryConfigurationDelegate.java:262) - Multiple Spring Data modules found, entering strict repository configuration mode
[16:35:22:216] [INFO] - org.springframework.data.repository.config.RepositoryConfigurationDelegate.registerRepositoriesIn(RepositoryConfigurationDelegate.java:132) - Bootstrapping Spring Data JPA repositories in DEFAULT mode.
[16:35:22:407] [INFO] - org.springframework.data.repository.config.RepositoryConfigurationDelegate.registerRepositoriesIn(RepositoryConfigurationDelegate.java:201) - Finished Spring Data repository scanning in 183 ms. Found 1 JPA repository interfaces.
[16:35:22:420] [INFO] - org.springframework.data.repository.config.RepositoryConfigurationDelegate.multipleStoresDetected(RepositoryConfigurationDelegate.java:262) - Multiple Spring Data modules found, entering strict repository configuration mode
[16:35:22:422] [INFO] - org.springframework.data.repository.config.RepositoryConfigurationDelegate.registerRepositoriesIn(RepositoryConfigurationDelegate.java:132) - Bootstrapping Spring Data Redis repositories in DEFAULT mode.
[16:35:22:434] [INFO] - org.springframework.data.repository.config.RepositoryConfigurationExtensionSupport.isStrictRepositoryCandidate(RepositoryConfigurationExtensionSupport.java:349) - Spring Data Redis - Could not safely identify store assignment for repository candidate interface com.example.fhdemo.cache.ItemRepository; If you want this repository to be a Redis repository, consider annotating your entities with one of these annotations: org.springframework.data.redis.core.RedisHash (preferred), or consider extending one of the following types with your repository: org.springframework.data.keyvalue.repository.KeyValueRepository
[16:35:22:434] [INFO] - org.springframework.data.repository.config.RepositoryConfigurationDelegate.registerRepositoriesIn(RepositoryConfigurationDelegate.java:201) - Finished Spring Data repository scanning in 5 ms. Found 0 Redis repository interfaces.
[16:35:22:825] [INFO] - org.springframework.boot.web.embedded.tomcat.TomcatWebServer.initialize(TomcatWebServer.java:108) - Tomcat initialized with port(s): 8081 (http)
[16:35:22:833] [INFO] - org.apache.juli.logging.DirectJDKLog.log(DirectJDKLog.java:173) - Initializing ProtocolHandler ["http-nio-8081"]
[16:35:22:833] [INFO] - org.apache.juli.logging.DirectJDKLog.log(DirectJDKLog.java:173) - Starting service [Tomcat]
[16:35:22:834] [INFO] - org.apache.juli.logging.DirectJDKLog.log(DirectJDKLog.java:173) - Starting Servlet engine: [Apache Tomcat/9.0.65]
[16:35:22:921] [INFO] - org.apache.juli.logging.DirectJDKLog.log(DirectJDKLog.java:173) - Initializing Spring embedded WebApplicationContext
[16:35:22:922] [INFO] - org.springframework.boot.web.servlet.context.ServletWebServerApplicationContext.prepareWebApplicationContext(ServletWebServerApplicationContext.java:292) - Root WebApplicationContext: initialization completed in 1276 ms
[16:35:23:003] [INFO] - com.zaxxer.hikari.HikariDataSource.getConnection(HikariDataSource.java:110) - HikariPool-1 - Starting...
[16:35:23:092] [INFO] - com.zaxxer.hikari.HikariDataSource.getConnection(HikariDataSource.java:123) - HikariPool-1 - Start completed.
[16:35:23:139] [INFO] - org.hibernate.jpa.internal.util.LogHelper.logPersistenceUnitInformation(LogHelper.java:31) - HHH000204: Processing PersistenceUnitInfo [name: default]
[16:35:23:177] [INFO] - org.hibernate.Version.logVersion(Version.java:44) - HHH000412: Hibernate ORM core version 5.6.10.Final
[16:35:23:292] [INFO] - org.hibernate.annotations.common.reflection.java.JavaReflectionManager.<clinit>(JavaReflectionManager.java:56) - HCANN000001: Hibernate Commons Annotations {5.1.2.Final}
[16:35:23:383] [INFO] - org.hibernate.dialect.Dialect.<init>(Dialect.java:175) - HHH000400: Using dialect: org.hibernate.dialect.H2Dialect
[16:35:23:769] [INFO] - org.hibernate.engine.transaction.jta.platform.internal.JtaPlatformInitiator.initiateService(JtaPlatformInitiator.java:52) - HHH000490: Using JtaPlatform implementation: [org.hibernate.engine.transaction.jta.platform.internal.NoJtaPlatform]
[16:35:23:777] [INFO] - org.springframework.orm.jpa.AbstractEntityManagerFactoryBean.buildNativeEntityManagerFactory(AbstractEntityManagerFactoryBean.java:437) - Initialized JPA EntityManagerFactory for persistence unit 'default'
[16:35:24:022] [WARN] - org.springframework.boot.autoconfigure.orm.jpa.JpaBaseConfiguration$JpaWebConfiguration.openEntityManagerInViewInterceptor(JpaBaseConfiguration.java:219) - spring.jpa.open-in-view is enabled by default. Therefore, database queries may be performed during view rendering. Explicitly configure spring.jpa.open-in-view to disable this warning
[16:35:24:872] [INFO] - org.apache.juli.logging.DirectJDKLog.log(DirectJDKLog.java:173) - Starting ProtocolHandler ["http-nio-8081"]
[16:35:24:902] [INFO] - org.springframework.boot.web.embedded.tomcat.TomcatWebServer.start(TomcatWebServer.java:220) - Tomcat started on port(s): 8081 (http) with context path ''
[16:35:24:919] [INFO] - org.springframework.boot.StartupInfoLogger.logStarted(StartupInfoLogger.java:61) - Started FhDemoApplication in 3.579 seconds (JVM running for 4.94)
[16:38:29:109] [INFO] - org.apache.juli.logging.DirectJDKLog.log(DirectJDKLog.java:173) - Initializing Spring DispatcherServlet 'dispatcherServlet'
[16:38:29:109] [INFO] - org.springframework.web.servlet.FrameworkServlet.initServletBean(FrameworkServlet.java:525) - Initializing Servlet 'dispatcherServlet'
[16:38:29:110] [INFO] - org.springframework.web.servlet.FrameworkServlet.initServletBean(FrameworkServlet.java:547) - Completed initialization in 1 ms
