[15:04:41:397] [INFO] - org.springframework.boot.StartupInfoLogger.logStarting(StartupInfoLogger.java:55) - Starting FhDemoApplication using Java 17.0.3.1 on zhanglei with PID 27032 (D:\IdeaProject\fh-demo\target\classes started by EDY in D:\IdeaProject\fh-demo)
[15:04:41:411] [INFO] - org.springframework.boot.SpringApplication.logStartupProfileInfo(SpringApplication.java:634) - No active profile set, falling back to 1 default profile: "default"
[15:04:43:831] [INFO] - org.springframework.data.repository.config.RepositoryConfigurationDelegate.multipleStoresDetected(RepositoryConfigurationDelegate.java:262) - Multiple Spring Data modules found, entering strict repository configuration mode
[15:04:43:832] [INFO] - org.springframework.data.repository.config.RepositoryConfigurationDelegate.registerRepositoriesIn(RepositoryConfigurationDelegate.java:132) - Bootstrapping Spring Data JPA repositories in DEFAULT mode.
[15:04:44:212] [INFO] - org.springframework.data.repository.config.RepositoryConfigurationDelegate.registerRepositoriesIn(RepositoryConfigurationDelegate.java:201) - Finished Spring Data repository scanning in 343 ms. Found 1 JPA repository interfaces.
[15:04:44:247] [INFO] - org.springframework.data.repository.config.RepositoryConfigurationDelegate.multipleStoresDetected(RepositoryConfigurationDelegate.java:262) - Multiple Spring Data modules found, entering strict repository configuration mode
[15:04:44:250] [INFO] - org.springframework.data.repository.config.RepositoryConfigurationDelegate.registerRepositoriesIn(RepositoryConfigurationDelegate.java:132) - Bootstrapping Spring Data Redis repositories in DEFAULT mode.
[15:04:44:420] [INFO] - org.springframework.data.repository.config.RepositoryConfigurationExtensionSupport.isStrictRepositoryCandidate(RepositoryConfigurationExtensionSupport.java:349) - Spring Data Redis - Could not safely identify store assignment for repository candidate interface com.example.fhdemo.cache.ItemRepository; If you want this repository to be a Redis repository, consider annotating your entities with one of these annotations: org.springframework.data.redis.core.RedisHash (preferred), or consider extending one of the following types with your repository: org.springframework.data.keyvalue.repository.KeyValueRepository
[15:04:44:420] [INFO] - org.springframework.data.repository.config.RepositoryConfigurationDelegate.registerRepositoriesIn(RepositoryConfigurationDelegate.java:201) - Finished Spring Data repository scanning in 5 ms. Found 0 Redis repository interfaces.
[15:04:44:908] [INFO] - org.springframework.boot.web.embedded.tomcat.TomcatWebServer.initialize(TomcatWebServer.java:108) - Tomcat initialized with port(s): 8081 (http)
[15:04:44:916] [INFO] - org.apache.juli.logging.DirectJDKLog.log(DirectJDKLog.java:173) - Initializing ProtocolHandler ["http-nio-8081"]
[15:04:44:916] [INFO] - org.apache.juli.logging.DirectJDKLog.log(DirectJDKLog.java:173) - Starting service [Tomcat]
[15:04:44:917] [INFO] - org.apache.juli.logging.DirectJDKLog.log(DirectJDKLog.java:173) - Starting Servlet engine: [Apache Tomcat/9.0.65]
[15:04:45:004] [INFO] - org.apache.juli.logging.DirectJDKLog.log(DirectJDKLog.java:173) - Initializing Spring embedded WebApplicationContext
[15:04:45:005] [INFO] - org.springframework.boot.web.servlet.context.ServletWebServerApplicationContext.prepareWebApplicationContext(ServletWebServerApplicationContext.java:292) - Root WebApplicationContext: initialization completed in 3476 ms
[15:04:45:158] [INFO] - com.zaxxer.hikari.HikariDataSource.getConnection(HikariDataSource.java:110) - HikariPool-1 - Starting...
[15:04:45:385] [INFO] - com.zaxxer.hikari.HikariDataSource.getConnection(HikariDataSource.java:123) - HikariPool-1 - Start completed.
[15:04:45:468] [INFO] - org.hibernate.jpa.internal.util.LogHelper.logPersistenceUnitInformation(LogHelper.java:31) - HHH000204: Processing PersistenceUnitInfo [name: default]
[15:04:45:678] [INFO] - org.hibernate.Version.logVersion(Version.java:44) - HHH000412: Hibernate ORM core version 5.6.10.Final
[15:04:46:042] [INFO] - org.hibernate.annotations.common.reflection.java.JavaReflectionManager.<clinit>(JavaReflectionManager.java:56) - HCANN000001: Hibernate Commons Annotations {5.1.2.Final}
[15:04:46:201] [INFO] - org.hibernate.dialect.Dialect.<init>(Dialect.java:175) - HHH000400: Using dialect: org.hibernate.dialect.H2Dialect
[15:04:46:850] [INFO] - org.hibernate.engine.transaction.jta.platform.internal.JtaPlatformInitiator.initiateService(JtaPlatformInitiator.java:52) - HHH000490: Using JtaPlatform implementation: [org.hibernate.engine.transaction.jta.platform.internal.NoJtaPlatform]
[15:04:46:857] [INFO] - org.springframework.orm.jpa.AbstractEntityManagerFactoryBean.buildNativeEntityManagerFactory(AbstractEntityManagerFactoryBean.java:437) - Initialized JPA EntityManagerFactory for persistence unit 'default'
[15:04:47:371] [WARN] - org.springframework.boot.autoconfigure.orm.jpa.JpaBaseConfiguration$JpaWebConfiguration.openEntityManagerInViewInterceptor(JpaBaseConfiguration.java:219) - spring.jpa.open-in-view is enabled by default. Therefore, database queries may be performed during view rendering. Explicitly configure spring.jpa.open-in-view to disable this warning
[15:04:48:578] [INFO] - org.apache.juli.logging.DirectJDKLog.log(DirectJDKLog.java:173) - Starting ProtocolHandler ["http-nio-8081"]
[15:04:48:593] [INFO] - org.springframework.boot.web.embedded.tomcat.TomcatWebServer.start(TomcatWebServer.java:220) - Tomcat started on port(s): 8081 (http) with context path ''
[15:04:48:602] [INFO] - org.springframework.boot.StartupInfoLogger.logStarted(StartupInfoLogger.java:61) - Started FhDemoApplication in 7.72 seconds (JVM running for 10.946)
[15:05:37:165] [INFO] - org.apache.juli.logging.DirectJDKLog.log(DirectJDKLog.java:173) - Initializing Spring DispatcherServlet 'dispatcherServlet'
[15:05:37:165] [INFO] - org.springframework.web.servlet.FrameworkServlet.initServletBean(FrameworkServlet.java:525) - Initializing Servlet 'dispatcherServlet'
[15:05:37:165] [INFO] - org.springframework.web.servlet.FrameworkServlet.initServletBean(FrameworkServlet.java:547) - Completed initialization in 0 ms
[15:08:29:567] [INFO] - org.springframework.boot.StartupInfoLogger.logStarting(StartupInfoLogger.java:55) - Starting FhDemoApplication using Java 17.0.3.1 on zhanglei with PID 20248 (D:\IdeaProject\fh-demo\target\classes started by EDY in D:\IdeaProject\fh-demo)
[15:08:29:573] [INFO] - org.springframework.boot.SpringApplication.logStartupProfileInfo(SpringApplication.java:634) - No active profile set, falling back to 1 default profile: "default"
[15:08:30:073] [INFO] - org.springframework.data.repository.config.RepositoryConfigurationDelegate.multipleStoresDetected(RepositoryConfigurationDelegate.java:262) - Multiple Spring Data modules found, entering strict repository configuration mode
[15:08:30:074] [INFO] - org.springframework.data.repository.config.RepositoryConfigurationDelegate.registerRepositoriesIn(RepositoryConfigurationDelegate.java:132) - Bootstrapping Spring Data JPA repositories in DEFAULT mode.
[15:08:30:244] [INFO] - org.springframework.data.repository.config.RepositoryConfigurationDelegate.registerRepositoriesIn(RepositoryConfigurationDelegate.java:201) - Finished Spring Data repository scanning in 165 ms. Found 1 JPA repository interfaces.
[15:08:30:256] [INFO] - org.springframework.data.repository.config.RepositoryConfigurationDelegate.multipleStoresDetected(RepositoryConfigurationDelegate.java:262) - Multiple Spring Data modules found, entering strict repository configuration mode
[15:08:30:257] [INFO] - org.springframework.data.repository.config.RepositoryConfigurationDelegate.registerRepositoriesIn(RepositoryConfigurationDelegate.java:132) - Bootstrapping Spring Data Redis repositories in DEFAULT mode.
[15:08:30:267] [INFO] - org.springframework.data.repository.config.RepositoryConfigurationExtensionSupport.isStrictRepositoryCandidate(RepositoryConfigurationExtensionSupport.java:349) - Spring Data Redis - Could not safely identify store assignment for repository candidate interface com.example.fhdemo.cache.ItemRepository; If you want this repository to be a Redis repository, consider annotating your entities with one of these annotations: org.springframework.data.redis.core.RedisHash (preferred), or consider extending one of the following types with your repository: org.springframework.data.keyvalue.repository.KeyValueRepository
[15:08:30:267] [INFO] - org.springframework.data.repository.config.RepositoryConfigurationDelegate.registerRepositoriesIn(RepositoryConfigurationDelegate.java:201) - Finished Spring Data repository scanning in 3 ms. Found 0 Redis repository interfaces.
[15:08:30:636] [INFO] - org.springframework.boot.web.embedded.tomcat.TomcatWebServer.initialize(TomcatWebServer.java:108) - Tomcat initialized with port(s): 8081 (http)
[15:08:30:644] [INFO] - org.apache.juli.logging.DirectJDKLog.log(DirectJDKLog.java:173) - Initializing ProtocolHandler ["http-nio-8081"]
[15:08:30:645] [INFO] - org.apache.juli.logging.DirectJDKLog.log(DirectJDKLog.java:173) - Starting service [Tomcat]
[15:08:30:646] [INFO] - org.apache.juli.logging.DirectJDKLog.log(DirectJDKLog.java:173) - Starting Servlet engine: [Apache Tomcat/9.0.65]
[15:08:30:744] [INFO] - org.apache.juli.logging.DirectJDKLog.log(DirectJDKLog.java:173) - Initializing Spring embedded WebApplicationContext
[15:08:30:744] [INFO] - org.springframework.boot.web.servlet.context.ServletWebServerApplicationContext.prepareWebApplicationContext(ServletWebServerApplicationContext.java:292) - Root WebApplicationContext: initialization completed in 1142 ms
[15:08:30:840] [INFO] - com.zaxxer.hikari.HikariDataSource.getConnection(HikariDataSource.java:110) - HikariPool-1 - Starting...
[15:08:30:962] [INFO] - com.zaxxer.hikari.HikariDataSource.getConnection(HikariDataSource.java:123) - HikariPool-1 - Start completed.
[15:08:31:017] [INFO] - org.hibernate.jpa.internal.util.LogHelper.logPersistenceUnitInformation(LogHelper.java:31) - HHH000204: Processing PersistenceUnitInfo [name: default]
[15:08:31:052] [INFO] - org.hibernate.Version.logVersion(Version.java:44) - HHH000412: Hibernate ORM core version 5.6.10.Final
[15:08:31:152] [INFO] - org.hibernate.annotations.common.reflection.java.JavaReflectionManager.<clinit>(JavaReflectionManager.java:56) - HCANN000001: Hibernate Commons Annotations {5.1.2.Final}
[15:08:31:227] [INFO] - org.hibernate.dialect.Dialect.<init>(Dialect.java:175) - HHH000400: Using dialect: org.hibernate.dialect.H2Dialect
[15:08:31:576] [INFO] - org.hibernate.engine.transaction.jta.platform.internal.JtaPlatformInitiator.initiateService(JtaPlatformInitiator.java:52) - HHH000490: Using JtaPlatform implementation: [org.hibernate.engine.transaction.jta.platform.internal.NoJtaPlatform]
[15:08:31:583] [INFO] - org.springframework.orm.jpa.AbstractEntityManagerFactoryBean.buildNativeEntityManagerFactory(AbstractEntityManagerFactoryBean.java:437) - Initialized JPA EntityManagerFactory for persistence unit 'default'
[15:08:31:815] [WARN] - org.springframework.boot.autoconfigure.orm.jpa.JpaBaseConfiguration$JpaWebConfiguration.openEntityManagerInViewInterceptor(JpaBaseConfiguration.java:219) - spring.jpa.open-in-view is enabled by default. Therefore, database queries may be performed during view rendering. Explicitly configure spring.jpa.open-in-view to disable this warning
[15:08:32:414] [INFO] - org.apache.juli.logging.DirectJDKLog.log(DirectJDKLog.java:173) - Starting ProtocolHandler ["http-nio-8081"]
[15:08:32:433] [INFO] - org.springframework.boot.web.embedded.tomcat.TomcatWebServer.start(TomcatWebServer.java:220) - Tomcat started on port(s): 8081 (http) with context path ''
[15:08:32:444] [INFO] - org.springframework.boot.StartupInfoLogger.logStarted(StartupInfoLogger.java:61) - Started FhDemoApplication in 3.133 seconds (JVM running for 4.183)
[15:09:56:654] [INFO] - org.apache.juli.logging.DirectJDKLog.log(DirectJDKLog.java:173) - Initializing Spring DispatcherServlet 'dispatcherServlet'
[15:09:56:654] [INFO] - org.springframework.web.servlet.FrameworkServlet.initServletBean(FrameworkServlet.java:525) - Initializing Servlet 'dispatcherServlet'
[15:09:56:655] [INFO] - org.springframework.web.servlet.FrameworkServlet.initServletBean(FrameworkServlet.java:547) - Completed initialization in 1 ms
[15:46:57:350] [INFO] - org.springframework.orm.jpa.AbstractEntityManagerFactoryBean.destroy(AbstractEntityManagerFactoryBean.java:651) - Closing JPA EntityManagerFactory for persistence unit 'default'
[15:46:57:387] [INFO] - org.hibernate.tool.schema.internal.SchemaDropperImpl$DelayedDropActionImpl.perform(SchemaDropperImpl.java:538) - HHH000477: Starting delayed evictData of schema as part of SessionFactory shut-down'
[15:46:57:598] [INFO] - com.zaxxer.hikari.HikariDataSource.close(HikariDataSource.java:350) - HikariPool-1 - Shutdown initiated...
[15:46:57:607] [INFO] - com.zaxxer.hikari.HikariDataSource.close(HikariDataSource.java:352) - HikariPool-1 - Shutdown completed.
[18:00:05:463] [INFO] - org.springframework.boot.StartupInfoLogger.logStarting(StartupInfoLogger.java:55) - Starting FhDemoApplication using Java 17.0.3.1 on zhanglei with PID 21020 (D:\IdeaProject\fh-demo\target\classes started by EDY in D:\IdeaProject\fh-demo)
[18:00:05:486] [INFO] - org.springframework.boot.SpringApplication.logStartupProfileInfo(SpringApplication.java:634) - No active profile set, falling back to 1 default profile: "default"
[18:00:08:014] [INFO] - org.springframework.data.repository.config.RepositoryConfigurationDelegate.multipleStoresDetected(RepositoryConfigurationDelegate.java:262) - Multiple Spring Data modules found, entering strict repository configuration mode
[18:00:08:016] [INFO] - org.springframework.data.repository.config.RepositoryConfigurationDelegate.registerRepositoriesIn(RepositoryConfigurationDelegate.java:132) - Bootstrapping Spring Data JPA repositories in DEFAULT mode.
[18:00:08:900] [INFO] - org.springframework.data.repository.config.RepositoryConfigurationDelegate.registerRepositoriesIn(RepositoryConfigurationDelegate.java:201) - Finished Spring Data repository scanning in 869 ms. Found 1 JPA repository interfaces.
[18:00:08:950] [INFO] - org.springframework.data.repository.config.RepositoryConfigurationDelegate.multipleStoresDetected(RepositoryConfigurationDelegate.java:262) - Multiple Spring Data modules found, entering strict repository configuration mode
[18:00:08:952] [INFO] - org.springframework.data.repository.config.RepositoryConfigurationDelegate.registerRepositoriesIn(RepositoryConfigurationDelegate.java:132) - Bootstrapping Spring Data Redis repositories in DEFAULT mode.
[18:00:09:011] [INFO] - org.springframework.data.repository.config.RepositoryConfigurationExtensionSupport.isStrictRepositoryCandidate(RepositoryConfigurationExtensionSupport.java:349) - Spring Data Redis - Could not safely identify store assignment for repository candidate interface com.example.fhdemo.cache.ItemRepository; If you want this repository to be a Redis repository, consider annotating your entities with one of these annotations: org.springframework.data.redis.core.RedisHash (preferred), or consider extending one of the following types with your repository: org.springframework.data.keyvalue.repository.KeyValueRepository
[18:00:09:012] [INFO] - org.springframework.data.repository.config.RepositoryConfigurationDelegate.registerRepositoriesIn(RepositoryConfigurationDelegate.java:201) - Finished Spring Data repository scanning in 7 ms. Found 0 Redis repository interfaces.
[18:00:10:492] [INFO] - org.springframework.boot.web.embedded.tomcat.TomcatWebServer.initialize(TomcatWebServer.java:108) - Tomcat initialized with port(s): 8081 (http)
[18:00:10:535] [INFO] - org.apache.juli.logging.DirectJDKLog.log(DirectJDKLog.java:173) - Initializing ProtocolHandler ["http-nio-8081"]
[18:00:10:536] [INFO] - org.apache.juli.logging.DirectJDKLog.log(DirectJDKLog.java:173) - Starting service [Tomcat]
[18:00:10:538] [INFO] - org.apache.juli.logging.DirectJDKLog.log(DirectJDKLog.java:173) - Starting Servlet engine: [Apache Tomcat/9.0.65]
[18:00:10:818] [INFO] - org.apache.juli.logging.DirectJDKLog.log(DirectJDKLog.java:173) - Initializing Spring embedded WebApplicationContext
[18:00:10:819] [INFO] - org.springframework.boot.web.servlet.context.ServletWebServerApplicationContext.prepareWebApplicationContext(ServletWebServerApplicationContext.java:292) - Root WebApplicationContext: initialization completed in 5219 ms
[18:00:11:070] [INFO] - com.zaxxer.hikari.HikariDataSource.getConnection(HikariDataSource.java:110) - HikariPool-1 - Starting...
[18:00:11:285] [INFO] - com.zaxxer.hikari.HikariDataSource.getConnection(HikariDataSource.java:123) - HikariPool-1 - Start completed.
[18:00:11:376] [INFO] - org.hibernate.jpa.internal.util.LogHelper.logPersistenceUnitInformation(LogHelper.java:31) - HHH000204: Processing PersistenceUnitInfo [name: default]
[18:00:11:545] [INFO] - org.hibernate.Version.logVersion(Version.java:44) - HHH000412: Hibernate ORM core version 5.6.10.Final
[18:00:11:875] [INFO] - org.hibernate.annotations.common.reflection.java.JavaReflectionManager.<clinit>(JavaReflectionManager.java:56) - HCANN000001: Hibernate Commons Annotations {5.1.2.Final}
[18:00:12:009] [INFO] - org.hibernate.dialect.Dialect.<init>(Dialect.java:175) - HHH000400: Using dialect: org.hibernate.dialect.H2Dialect
[18:00:12:842] [INFO] - org.hibernate.engine.transaction.jta.platform.internal.JtaPlatformInitiator.initiateService(JtaPlatformInitiator.java:52) - HHH000490: Using JtaPlatform implementation: [org.hibernate.engine.transaction.jta.platform.internal.NoJtaPlatform]
[18:00:12:849] [INFO] - org.springframework.orm.jpa.AbstractEntityManagerFactoryBean.buildNativeEntityManagerFactory(AbstractEntityManagerFactoryBean.java:437) - Initialized JPA EntityManagerFactory for persistence unit 'default'
[18:00:13:197] [WARN] - org.springframework.boot.autoconfigure.orm.jpa.JpaBaseConfiguration$JpaWebConfiguration.openEntityManagerInViewInterceptor(JpaBaseConfiguration.java:219) - spring.jpa.open-in-view is enabled by default. Therefore, database queries may be performed during view rendering. Explicitly configure spring.jpa.open-in-view to disable this warning
[18:00:14:386] [INFO] - org.apache.juli.logging.DirectJDKLog.log(DirectJDKLog.java:173) - Starting ProtocolHandler ["http-nio-8081"]
[18:00:14:402] [INFO] - org.springframework.boot.web.embedded.tomcat.TomcatWebServer.start(TomcatWebServer.java:220) - Tomcat started on port(s): 8081 (http) with context path ''
[18:00:14:413] [INFO] - org.springframework.boot.StartupInfoLogger.logStarted(StartupInfoLogger.java:61) - Started FhDemoApplication in 10.002 seconds (JVM running for 17.487)
[18:01:11:347] [INFO] - org.apache.juli.logging.DirectJDKLog.log(DirectJDKLog.java:173) - Initializing Spring DispatcherServlet 'dispatcherServlet'
[18:01:11:347] [INFO] - org.springframework.web.servlet.FrameworkServlet.initServletBean(FrameworkServlet.java:525) - Initializing Servlet 'dispatcherServlet'
[18:01:11:348] [INFO] - org.springframework.web.servlet.FrameworkServlet.initServletBean(FrameworkServlet.java:547) - Completed initialization in 1 ms
